This file contains any messages produced by compilers while
running configure, to aid debugging if configure makes a mistake.

It was created by ViennaRNA configure 2.4.3, which was
generated by GNU Autoconf 2.69.  Invocation command line was

  $ ./configure --with-python

## --------- ##
## Platform. ##
## --------- ##

hostname = ethan-HP-Spectre-x360-Convertible
uname -m = x86_64
uname -r = 4.4.0-53-generic
uname -s = Linux
uname -v = #74-Ubuntu SMP Fri Dec 2 15:59:10 UTC 2016

/usr/bin/uname -p = unknown
/bin/uname -X     = unknown

/bin/arch              = unknown
/usr/bin/arch -k       = unknown
/usr/convex/getsysinfo = unknown
/usr/bin/hostinfo      = unknown
/bin/machine           = unknown
/usr/bin/oslevel       = unknown
/bin/universe          = unknown

PATH: /home/ethan/.nvm/versions/node/v8.1.2/bin
PATH: /home/ethan/bin
PATH: /home/ethan/.local/bin
PATH: /usr/local/sbin
PATH: /usr/local/bin
PATH: /usr/sbin
PATH: /usr/bin
PATH: /sbin
PATH: /bin
PATH: /usr/games
PATH: /usr/local/games


## ----------- ##
## Core tests. ##
## ----------- ##

configure:2911: checking for gcc
configure:2927: found /usr/bin/gcc
configure:2938: result: gcc
configure:3167: checking for C compiler version
configure:3176: gcc --version >&5
gcc (Ubuntu 5.4.0-6ubuntu1~16.04.4) 5.4.0 20160609
Copyright (C) 2015 Free Software Foundation, Inc.
This is free software; see the source for copying conditions.  There is NO
warranty; not even for MERCHANTABILITY or FITNESS FOR A PARTICULAR PURPOSE.

configure:3187: $? = 0
configure:3176: gcc -v >&5
Using built-in specs.
COLLECT_GCC=gcc
COLLECT_LTO_WRAPPER=/usr/lib/gcc/x86_64-linux-gnu/5/lto-wrapper
Target: x86_64-linux-gnu
Configured with: ../src/configure -v --with-pkgversion='Ubuntu 5.4.0-6ubuntu1~16.04.4' --with-bugurl=file:///usr/share/doc/gcc-5/README.Bugs --enable-languages=c,ada,c++,java,go,d,fortran,objc,obj-c++ --prefix=/usr --program-suffix=-5 --enable-shared --enable-linker-build-id --libexecdir=/usr/lib --without-included-gettext --enable-threads=posix --libdir=/usr/lib --enable-nls --with-sysroot=/ --enable-clocale=gnu --enable-libstdcxx-debug --enable-libstdcxx-time=yes --with-default-libstdcxx-abi=new --enable-gnu-unique-object --disable-vtable-verify --enable-libmpx --enable-plugin --with-system-zlib --disable-browser-plugin --enable-java-awt=gtk --enable-gtk-cairo --with-java-home=/usr/lib/jvm/java-1.5.0-gcj-5-amd64/jre --enable-java-home --with-jvm-root-dir=/usr/lib/jvm/java-1.5.0-gcj-5-amd64 --with-jvm-jar-dir=/usr/lib/jvm-exports/java-1.5.0-gcj-5-amd64 --with-arch-directory=amd64 --with-ecj-jar=/usr/share/java/eclipse-ecj.jar --enable-objc-gc --enable-multiarch --disable-werror --with-arch-32=i686 --with-abi=m64 --with-multilib-list=m32,m64,mx32 --enable-multilib --with-tune=generic --enable-checking=release --build=x86_64-linux-gnu --host=x86_64-linux-gnu --target=x86_64-linux-gnu
Thread model: posix
gcc version 5.4.0 20160609 (Ubuntu 5.4.0-6ubuntu1~16.04.4) 
configure:3187: $? = 0
configure:3176: gcc -V >&5
gcc: error: unrecognized command line option '-V'
gcc: fatal error: no input files
compilation terminated.
configure:3187: $? = 1
configure:3176: gcc -qversion >&5
gcc: error: unrecognized command line option '-qversion'
gcc: fatal error: no input files
compilation terminated.
configure:3187: $? = 1
configure:3207: checking whether the C compiler works
configure:3229: gcc    conftest.c  >&5
configure:3233: $? = 0
configure:3281: result: yes
configure:3284: checking for C compiler default output file name
configure:3286: result: a.out
configure:3292: checking for suffix of executables
configure:3299: gcc -o conftest    conftest.c  >&5
configure:3303: $? = 0
configure:3325: result: 
configure:3347: checking whether we are cross compiling
configure:3355: gcc -o conftest    conftest.c  >&5
configure:3359: $? = 0
configure:3366: ./conftest
configure:3370: $? = 0
configure:3385: result: no
configure:3390: checking for suffix of object files
configure:3412: gcc -c   conftest.c >&5
configure:3416: $? = 0
configure:3437: result: o
configure:3441: checking whether we are using the GNU C compiler
configure:3460: gcc -c   conftest.c >&5
configure:3460: $? = 0
configure:3469: result: yes
configure:3478: checking whether gcc accepts -g
configure:3498: gcc -c -g  conftest.c >&5
configure:3498: $? = 0
configure:3539: result: yes
configure:3556: checking for gcc option to accept ISO C89
configure:3619: gcc  -c -g -O2  conftest.c >&5
configure:3619: $? = 0
configure:3632: result: none needed
configure:3657: checking whether gcc understands -c and -o together
configure:3679: gcc -c conftest.c -o conftest2.o
configure:3682: $? = 0
configure:3679: gcc -c conftest.c -o conftest2.o
configure:3682: $? = 0
configure:3694: result: yes
configure:3717: checking how to run the C preprocessor
configure:3748: gcc -E  conftest.c
configure:3748: $? = 0
configure:3762: gcc -E  conftest.c
conftest.c:9:28: fatal error: ac_nonexistent.h: No such file or directory
compilation terminated.
configure:3762: $? = 1
configure: failed program was:
| /* confdefs.h */
| #define PACKAGE_NAME "ViennaRNA"
| #define PACKAGE_TARNAME "ViennaRNA"
| #define PACKAGE_VERSION "2.4.3"
| #define PACKAGE_STRING "ViennaRNA 2.4.3"
| #define PACKAGE_BUGREPORT "rna@tbi.univie.ac.at"
| #define PACKAGE_URL "http://www.tbi.univie.ac.at/RNA"
| /* end confdefs.h.  */
| #include <ac_nonexistent.h>
configure:3787: result: gcc -E
configure:3807: gcc -E  conftest.c
configure:3807: $? = 0
configure:3821: gcc -E  conftest.c
conftest.c:9:28: fatal error: ac_nonexistent.h: No such file or directory
compilation terminated.
configure:3821: $? = 1
configure: failed program was:
| /* confdefs.h */
| #define PACKAGE_NAME "ViennaRNA"
| #define PACKAGE_TARNAME "ViennaRNA"
| #define PACKAGE_VERSION "2.4.3"
| #define PACKAGE_STRING "ViennaRNA 2.4.3"
| #define PACKAGE_BUGREPORT "rna@tbi.univie.ac.at"
| #define PACKAGE_URL "http://www.tbi.univie.ac.at/RNA"
| /* end confdefs.h.  */
| #include <ac_nonexistent.h>
configure:3850: checking for grep that handles long lines and -e
configure:3908: result: /bin/grep
configure:3913: checking for egrep
configure:3975: result: /bin/grep -E
configure:3980: checking for ANSI C header files
configure:4000: gcc -c -g -O2  conftest.c >&5
configure:4000: $? = 0
configure:4073: gcc -o conftest -g -O2   conftest.c  >&5
configure:4073: $? = 0
configure:4073: ./conftest
configure:4073: $? = 0
configure:4084: result: yes
configure:4097: checking for sys/types.h
configure:4097: gcc -c -g -O2  conftest.c >&5
configure:4097: $? = 0
configure:4097: result: yes
configure:4097: checking for sys/stat.h
configure:4097: gcc -c -g -O2  conftest.c >&5
configure:4097: $? = 0
configure:4097: result: yes
configure:4097: checking for stdlib.h
configure:4097: gcc -c -g -O2  conftest.c >&5
configure:4097: $? = 0
configure:4097: result: yes
configure:4097: checking for string.h
configure:4097: gcc -c -g -O2  conftest.c >&5
configure:4097: $? = 0
configure:4097: result: yes
configure:4097: checking for memory.h
configure:4097: gcc -c -g -O2  conftest.c >&5
configure:4097: $? = 0
configure:4097: result: yes
configure:4097: checking for strings.h
configure:4097: gcc -c -g -O2  conftest.c >&5
configure:4097: $? = 0
configure:4097: result: yes
configure:4097: checking for inttypes.h
configure:4097: gcc -c -g -O2  conftest.c >&5
configure:4097: $? = 0
configure:4097: result: yes
configure:4097: checking for stdint.h
configure:4097: gcc -c -g -O2  conftest.c >&5
configure:4097: $? = 0
configure:4097: result: yes
configure:4097: checking for unistd.h
configure:4097: gcc -c -g -O2  conftest.c >&5
configure:4097: $? = 0
configure:4097: result: yes
configure:4110: checking minix/config.h usability
configure:4110: gcc -c -g -O2  conftest.c >&5
conftest.c:52:26: fatal error: minix/config.h: No such file or directory
compilation terminated.
configure:4110: $? = 1
configure: failed program was:
| /* confdefs.h */
| #define PACKAGE_NAME "ViennaRNA"
| #define PACKAGE_TARNAME "ViennaRNA"
| #define PACKAGE_VERSION "2.4.3"
| #define PACKAGE_STRING "ViennaRNA 2.4.3"
| #define PACKAGE_BUGREPORT "rna@tbi.univie.ac.at"
| #define PACKAGE_URL "http://www.tbi.univie.ac.at/RNA"
| #define STDC_HEADERS 1
| #define HAVE_SYS_TYPES_H 1
| #define HAVE_SYS_STAT_H 1
| #define HAVE_STDLIB_H 1
| #define HAVE_STRING_H 1
| #define HAVE_MEMORY_H 1
| #define HAVE_STRINGS_H 1
| #define HAVE_INTTYPES_H 1
| #define HAVE_STDINT_H 1
| #define HAVE_UNISTD_H 1
| /* end confdefs.h.  */
| #include <stdio.h>
| #ifdef HAVE_SYS_TYPES_H
| # include <sys/types.h>
| #endif
| #ifdef HAVE_SYS_STAT_H
| # include <sys/stat.h>
| #endif
| #ifdef STDC_HEADERS
| # include <stdlib.h>
| # include <stddef.h>
| #else
| # ifdef HAVE_STDLIB_H
| #  include <stdlib.h>
| # endif
| #endif
| #ifdef HAVE_STRING_H
| # if !defined STDC_HEADERS && defined HAVE_MEMORY_H
| #  include <memory.h>
| # endif
| # include <string.h>
| #endif
| #ifdef HAVE_STRINGS_H
| # include <strings.h>
| #endif
| #ifdef HAVE_INTTYPES_H
| # include <inttypes.h>
| #endif
| #ifdef HAVE_STDINT_H
| # include <stdint.h>
| #endif
| #ifdef HAVE_UNISTD_H
| # include <unistd.h>
| #endif
| #include <minix/config.h>
configure:4110: result: no
configure:4110: checking minix/config.h presence
configure:4110: gcc -E  conftest.c
conftest.c:19:26: fatal error: minix/config.h: No such file or directory
compilation terminated.
configure:4110: $? = 1
configure: failed program was:
| /* confdefs.h */
| #define PACKAGE_NAME "ViennaRNA"
| #define PACKAGE_TARNAME "ViennaRNA"
| #define PACKAGE_VERSION "2.4.3"
| #define PACKAGE_STRING "ViennaRNA 2.4.3"
| #define PACKAGE_BUGREPORT "rna@tbi.univie.ac.at"
| #define PACKAGE_URL "http://www.tbi.univie.ac.at/RNA"
| #define STDC_HEADERS 1
| #define HAVE_SYS_TYPES_H 1
| #define HAVE_SYS_STAT_H 1
| #define HAVE_STDLIB_H 1
| #define HAVE_STRING_H 1
| #define HAVE_MEMORY_H 1
| #define HAVE_STRINGS_H 1
| #define HAVE_INTTYPES_H 1
| #define HAVE_STDINT_H 1
| #define HAVE_UNISTD_H 1
| /* end confdefs.h.  */
| #include <minix/config.h>
configure:4110: result: no
configure:4110: checking for minix/config.h
configure:4110: result: no
configure:4131: checking whether it is safe to define __EXTENSIONS__
configure:4149: gcc -c -g -O2  conftest.c >&5
configure:4149: $? = 0
configure:4156: result: yes
configure:4183: checking whether make supports nested variables
configure:4200: result: yes
configure:4227: checking for a BSD-compatible install
configure:4295: result: /usr/bin/install -c
configure:4306: checking whether build environment is sane
configure:4361: result: yes
configure:4509: checking for a thread-safe mkdir -p
configure:4548: result: /bin/mkdir -p
configure:4555: checking for gawk
configure:4571: found /usr/bin/gawk
configure:4582: result: gawk
configure:4593: checking whether make sets $(MAKE)
configure:4615: result: yes
configure:4645: checking for style of include used by make
configure:4673: result: GNU
configure:4770: checking dependency style of gcc
configure:4881: result: gcc3
configure:4943: checking if malloc debugging is wanted
configure:4961: result: no
configure:4974: checking build system type
configure:4988: result: x86_64-unknown-linux-gnu
configure:5008: checking host system type
configure:5021: result: x86_64-unknown-linux-gnu
configure:5100: checking for g++
configure:5116: found /usr/bin/g++
configure:5127: result: g++
configure:5154: checking for C++ compiler version
configure:5163: g++ --version >&5
g++ (Ubuntu 5.4.0-6ubuntu1~16.04.4) 5.4.0 20160609
Copyright (C) 2015 Free Software Foundation, Inc.
This is free software; see the source for copying conditions.  There is NO
warranty; not even for MERCHANTABILITY or FITNESS FOR A PARTICULAR PURPOSE.

configure:5174: $? = 0
configure:5163: g++ -v >&5
Using built-in specs.
COLLECT_GCC=g++
COLLECT_LTO_WRAPPER=/usr/lib/gcc/x86_64-linux-gnu/5/lto-wrapper
Target: x86_64-linux-gnu
Configured with: ../src/configure -v --with-pkgversion='Ubuntu 5.4.0-6ubuntu1~16.04.4' --with-bugurl=file:///usr/share/doc/gcc-5/README.Bugs --enable-languages=c,ada,c++,java,go,d,fortran,objc,obj-c++ --prefix=/usr --program-suffix=-5 --enable-shared --enable-linker-build-id --libexecdir=/usr/lib --without-included-gettext --enable-threads=posix --libdir=/usr/lib --enable-nls --with-sysroot=/ --enable-clocale=gnu --enable-libstdcxx-debug --enable-libstdcxx-time=yes --with-default-libstdcxx-abi=new --enable-gnu-unique-object --disable-vtable-verify --enable-libmpx --enable-plugin --with-system-zlib --disable-browser-plugin --enable-java-awt=gtk --enable-gtk-cairo --with-java-home=/usr/lib/jvm/java-1.5.0-gcj-5-amd64/jre --enable-java-home --with-jvm-root-dir=/usr/lib/jvm/java-1.5.0-gcj-5-amd64 --with-jvm-jar-dir=/usr/lib/jvm-exports/java-1.5.0-gcj-5-amd64 --with-arch-directory=amd64 --with-ecj-jar=/usr/share/java/eclipse-ecj.jar --enable-objc-gc --enable-multiarch --disable-werror --with-arch-32=i686 --with-abi=m64 --with-multilib-list=m32,m64,mx32 --enable-multilib --with-tune=generic --enable-checking=release --build=x86_64-linux-gnu --host=x86_64-linux-gnu --target=x86_64-linux-gnu
Thread model: posix
gcc version 5.4.0 20160609 (Ubuntu 5.4.0-6ubuntu1~16.04.4) 
configure:5174: $? = 0
configure:5163: g++ -V >&5
g++: error: unrecognized command line option '-V'
g++: fatal error: no input files
compilation terminated.
configure:5174: $? = 1
configure:5163: g++ -qversion >&5
g++: error: unrecognized command line option '-qversion'
g++: fatal error: no input files
compilation terminated.
configure:5174: $? = 1
configure:5178: checking whether we are using the GNU C++ compiler
configure:5197: g++ -c   conftest.cpp >&5
configure:5197: $? = 0
configure:5206: result: yes
configure:5215: checking whether g++ accepts -g
configure:5235: g++ -c -g  conftest.cpp >&5
configure:5235: $? = 0
configure:5276: result: yes
configure:5301: checking dependency style of g++
configure:5412: result: gcc3
configure:5432: checking how to run the C++ preprocessor
configure:5459: g++ -E  conftest.cpp
configure:5459: $? = 0
configure:5473: g++ -E  conftest.cpp
conftest.cpp:26:28: fatal error: ac_nonexistent.h: No such file or directory
compilation terminated.
configure:5473: $? = 1
configure: failed program was:
| /* confdefs.h */
| #define PACKAGE_NAME "ViennaRNA"
| #define PACKAGE_TARNAME "ViennaRNA"
| #define PACKAGE_VERSION "2.4.3"
| #define PACKAGE_STRING "ViennaRNA 2.4.3"
| #define PACKAGE_BUGREPORT "rna@tbi.univie.ac.at"
| #define PACKAGE_URL "http://www.tbi.univie.ac.at/RNA"
| #define STDC_HEADERS 1
| #define HAVE_SYS_TYPES_H 1
| #define HAVE_SYS_STAT_H 1
| #define HAVE_STDLIB_H 1
| #define HAVE_STRING_H 1
| #define HAVE_MEMORY_H 1
| #define HAVE_STRINGS_H 1
| #define HAVE_INTTYPES_H 1
| #define HAVE_STDINT_H 1
| #define HAVE_UNISTD_H 1
| #define __EXTENSIONS__ 1
| #define _ALL_SOURCE 1
| #define _GNU_SOURCE 1
| #define _POSIX_PTHREAD_SEMANTICS 1
| #define _TANDEM_SOURCE 1
| #define PACKAGE "ViennaRNA"
| #define VERSION "2.4.3"
| /* end confdefs.h.  */
| #include <ac_nonexistent.h>
configure:5498: result: g++ -E
configure:5518: g++ -E  conftest.cpp
configure:5518: $? = 0
configure:5532: g++ -E  conftest.cpp
conftest.cpp:26:28: fatal error: ac_nonexistent.h: No such file or directory
compilation terminated.
configure:5532: $? = 1
configure: failed program was:
| /* confdefs.h */
| #define PACKAGE_NAME "ViennaRNA"
| #define PACKAGE_TARNAME "ViennaRNA"
| #define PACKAGE_VERSION "2.4.3"
| #define PACKAGE_STRING "ViennaRNA 2.4.3"
| #define PACKAGE_BUGREPORT "rna@tbi.univie.ac.at"
| #define PACKAGE_URL "http://www.tbi.univie.ac.at/RNA"
| #define STDC_HEADERS 1
| #define HAVE_SYS_TYPES_H 1
| #define HAVE_SYS_STAT_H 1
| #define HAVE_STDLIB_H 1
| #define HAVE_STRING_H 1
| #define HAVE_MEMORY_H 1
| #define HAVE_STRINGS_H 1
| #define HAVE_INTTYPES_H 1
| #define HAVE_STDINT_H 1
| #define HAVE_UNISTD_H 1
| #define __EXTENSIONS__ 1
| #define _ALL_SOURCE 1
| #define _GNU_SOURCE 1
| #define _POSIX_PTHREAD_SEMANTICS 1
| #define _TANDEM_SOURCE 1
| #define PACKAGE "ViennaRNA"
| #define VERSION "2.4.3"
| /* end confdefs.h.  */
| #include <ac_nonexistent.h>
configure:5608: checking for gcc
configure:5635: result: gcc
configure:5864: checking for C compiler version
configure:5873: gcc --version >&5
gcc (Ubuntu 5.4.0-6ubuntu1~16.04.4) 5.4.0 20160609
Copyright (C) 2015 Free Software Foundation, Inc.
This is free software; see the source for copying conditions.  There is NO
warranty; not even for MERCHANTABILITY or FITNESS FOR A PARTICULAR PURPOSE.

configure:5884: $? = 0
configure:5873: gcc -v >&5
Using built-in specs.
COLLECT_GCC=gcc
COLLECT_LTO_WRAPPER=/usr/lib/gcc/x86_64-linux-gnu/5/lto-wrapper
Target: x86_64-linux-gnu
Configured with: ../src/configure -v --with-pkgversion='Ubuntu 5.4.0-6ubuntu1~16.04.4' --with-bugurl=file:///usr/share/doc/gcc-5/README.Bugs --enable-languages=c,ada,c++,java,go,d,fortran,objc,obj-c++ --prefix=/usr --program-suffix=-5 --enable-shared --enable-linker-build-id --libexecdir=/usr/lib --without-included-gettext --enable-threads=posix --libdir=/usr/lib --enable-nls --with-sysroot=/ --enable-clocale=gnu --enable-libstdcxx-debug --enable-libstdcxx-time=yes --with-default-libstdcxx-abi=new --enable-gnu-unique-object --disable-vtable-verify --enable-libmpx --enable-plugin --with-system-zlib --disable-browser-plugin --enable-java-awt=gtk --enable-gtk-cairo --with-java-home=/usr/lib/jvm/java-1.5.0-gcj-5-amd64/jre --enable-java-home --with-jvm-root-dir=/usr/lib/jvm/java-1.5.0-gcj-5-amd64 --with-jvm-jar-dir=/usr/lib/jvm-exports/java-1.5.0-gcj-5-amd64 --with-arch-directory=amd64 --with-ecj-jar=/usr/share/java/eclipse-ecj.jar --enable-objc-gc --enable-multiarch --disable-werror --with-arch-32=i686 --with-abi=m64 --with-multilib-list=m32,m64,mx32 --enable-multilib --with-tune=generic --enable-checking=release --build=x86_64-linux-gnu --host=x86_64-linux-gnu --target=x86_64-linux-gnu
Thread model: posix
gcc version 5.4.0 20160609 (Ubuntu 5.4.0-6ubuntu1~16.04.4) 
configure:5884: $? = 0
configure:5873: gcc -V >&5
gcc: error: unrecognized command line option '-V'
gcc: fatal error: no input files
compilation terminated.
configure:5884: $? = 1
configure:5873: gcc -qversion >&5
gcc: error: unrecognized command line option '-qversion'
gcc: fatal error: no input files
compilation terminated.
configure:5884: $? = 1
configure:5888: checking whether we are using the GNU C compiler
configure:5916: result: yes
configure:5925: checking whether gcc accepts -g
configure:5986: result: yes
configure:6003: checking for gcc option to accept ISO C89
configure:6079: result: none needed
configure:6104: checking whether gcc understands -c and -o together
configure:6141: result: yes
configure:6163: checking how to run the C preprocessor
configure:6233: result: gcc -E
configure:6253: gcc -E  conftest.c
configure:6253: $? = 0
configure:6267: gcc -E  conftest.c
conftest.c:26:28: fatal error: ac_nonexistent.h: No such file or directory
compilation terminated.
configure:6267: $? = 1
configure: failed program was:
| /* confdefs.h */
| #define PACKAGE_NAME "ViennaRNA"
| #define PACKAGE_TARNAME "ViennaRNA"
| #define PACKAGE_VERSION "2.4.3"
| #define PACKAGE_STRING "ViennaRNA 2.4.3"
| #define PACKAGE_BUGREPORT "rna@tbi.univie.ac.at"
| #define PACKAGE_URL "http://www.tbi.univie.ac.at/RNA"
| #define STDC_HEADERS 1
| #define HAVE_SYS_TYPES_H 1
| #define HAVE_SYS_STAT_H 1
| #define HAVE_STDLIB_H 1
| #define HAVE_STRING_H 1
| #define HAVE_MEMORY_H 1
| #define HAVE_STRINGS_H 1
| #define HAVE_INTTYPES_H 1
| #define HAVE_STDINT_H 1
| #define HAVE_UNISTD_H 1
| #define __EXTENSIONS__ 1
| #define _ALL_SOURCE 1
| #define _GNU_SOURCE 1
| #define _POSIX_PTHREAD_SEMANTICS 1
| #define _TANDEM_SOURCE 1
| #define PACKAGE "ViennaRNA"
| #define VERSION "2.4.3"
| /* end confdefs.h.  */
| #include <ac_nonexistent.h>
configure:6356: checking for ar
configure:6372: found /usr/bin/ar
configure:6383: result: ar
configure:6409: checking the archiver (ar) interface
configure:6425: gcc -c -g -O2  conftest.c >&5
configure:6425: $? = 0
configure:6427: ar cru libconftest.a conftest.o >&5
ar: `u' modifier ignored since `D' is the default (see `U')
configure:6430: $? = 0
configure:6458: result: ar
configure:6478: checking whether make sets $(MAKE)
configure:6500: result: yes
configure:6509: checking for grep that handles long lines and -e
configure:6567: result: /bin/grep
configure:6574: checking for a sed that does not truncate output
configure:6638: result: /bin/sed
configure:6643: checking whether ln -s works
configure:6647: result: yes
configure:6654: checking for gcc option to accept ISO C99
configure:6803: gcc  -c -g -O2  conftest.c >&5
configure:6803: $? = 0
configure:6816: result: none needed
configure:6834: WARNING: Libtool does not cope well with whitespace in `pwd`
configure:6878: checking how to print strings
configure:6905: result: printf
configure:6926: checking for a sed that does not truncate output
configure:6990: result: /bin/sed
configure:7008: checking for fgrep
configure:7070: result: /bin/grep -F
configure:7105: checking for ld used by gcc
configure:7172: result: /usr/bin/ld
configure:7179: checking if the linker (/usr/bin/ld) is GNU ld
configure:7194: result: yes
configure:7206: checking for BSD- or MS-compatible name lister (nm)
configure:7260: result: /usr/bin/nm -B
configure:7390: checking the name lister (/usr/bin/nm -B) interface
configure:7397: gcc -c -g -O2  conftest.c >&5
configure:7400: /usr/bin/nm -B "conftest.o"
configure:7403: output
0000000000000000 B some_variable
configure:7410: result: BSD nm
configure:7414: checking the maximum length of command line arguments
configure:7545: result: 1572864
configure:7593: checking how to convert x86_64-unknown-linux-gnu file names to x86_64-unknown-linux-gnu format
configure:7633: result: func_convert_file_noop
configure:7640: checking how to convert x86_64-unknown-linux-gnu file names to toolchain format
configure:7660: result: func_convert_file_noop
configure:7667: checking for /usr/bin/ld option to reload object files
configure:7674: result: -r
configure:7748: checking for objdump
configure:7764: found /usr/bin/objdump
configure:7775: result: objdump
configure:7807: checking how to recognize dependent libraries
configure:8007: result: pass_all
configure:8092: checking for dlltool
configure:8122: result: no
configure:8152: checking how to associate runtime and link libraries
configure:8179: result: printf %s\n
configure:8319: checking for archiver @FILE support
configure:8336: gcc -c -g -O2  conftest.c >&5
configure:8336: $? = 0
configure:8339: ar cr libconftest.a @conftest.lst >&5
configure:8342: $? = 0
configure:8347: ar cr libconftest.a @conftest.lst >&5
ar: conftest.o: No such file or directory
configure:8350: $? = 1
configure:8362: result: @
configure:8420: checking for strip
configure:8436: found /usr/bin/strip
configure:8447: result: strip
configure:8519: checking for ranlib
configure:8535: found /usr/bin/ranlib
configure:8546: result: ranlib
configure:8648: checking command to parse /usr/bin/nm -B output from gcc object
configure:8801: gcc -c -g -O2  conftest.c >&5
configure:8804: $? = 0
configure:8808: /usr/bin/nm -B conftest.o \| sed -n -e 's/^.*[ ]\([ABCDGIRSTW][ABCDGIRSTW]*\)[ ][ ]*\([_A-Za-z][_A-Za-z0-9]*\)$/\1 \2 \2/p' | sed '/ __gnu_lto/d' \> conftest.nm
configure:8811: $? = 0
configure:8877: gcc -o conftest -g -O2   conftest.c conftstm.o >&5
configure:8880: $? = 0
configure:8918: result: ok
configure:8965: checking for sysroot
configure:8995: result: no
configure:9002: checking for a working dd
configure:9040: result: /bin/dd
configure:9044: checking how to truncate binary pipes
configure:9059: result: /bin/dd bs=4096 count=1
configure:9195: gcc -c -g -O2  conftest.c >&5
configure:9198: $? = 0
configure:9388: checking for mt
configure:9404: found /bin/mt
configure:9415: result: mt
configure:9438: checking if mt is a manifest tool
configure:9444: mt '-?'
configure:9452: result: no
configure:10126: checking for dlfcn.h
configure:10126: gcc -c -g -O2  conftest.c >&5
configure:10126: $? = 0
configure:10126: result: yes
configure:10393: checking for objdir
configure:10408: result: .libs
configure:10672: checking if gcc supports -fno-rtti -fno-exceptions
configure:10690: gcc -c -g -O2  -fno-rtti -fno-exceptions conftest.c >&5
cc1: warning: command line option '-fno-rtti' is valid for C++/ObjC++ but not for C
configure:10694: $? = 0
configure:10707: result: no
configure:11065: checking for gcc option to produce PIC
configure:11072: result: -fPIC -DPIC
configure:11080: checking if gcc PIC flag -fPIC -DPIC works
configure:11098: gcc -c -g -O2  -fPIC -DPIC -DPIC conftest.c >&5
configure:11102: $? = 0
configure:11115: result: yes
configure:11144: checking if gcc static flag -static works
configure:11172: result: yes
configure:11187: checking if gcc supports -c -o file.o
configure:11208: gcc -c -g -O2  -o out/conftest2.o conftest.c >&5
configure:11212: $? = 0
configure:11234: result: yes
configure:11242: checking if gcc supports -c -o file.o
configure:11289: result: yes
configure:11322: checking whether the gcc linker (/usr/bin/ld -m elf_x86_64) supports shared libraries
configure:12583: result: yes
configure:12620: checking whether -lc should be explicitly linked in
configure:12628: gcc -c -g -O2  conftest.c >&5
configure:12631: $? = 0
configure:12646: gcc -shared  -fPIC -DPIC conftest.o  -v -Wl,-soname -Wl,conftest -o conftest 2\>\&1 \| /bin/grep  -lc  \>/dev/null 2\>\&1
configure:12649: $? = 0
configure:12663: result: no
configure:12823: checking dynamic linker characteristics
configure:13404: gcc -o conftest -g -O2   -Wl,-rpath -Wl,/foo conftest.c  >&5
configure:13404: $? = 0
configure:13641: result: GNU/Linux ld.so
configure:13763: checking how to hardcode library paths into programs
configure:13788: result: immediate
configure:14336: checking whether stripping libraries is possible
configure:14345: result: yes
configure:14387: checking if libtool supports shared libraries
configure:14389: result: yes
configure:14392: checking whether to build shared libraries
configure:14417: result: yes
configure:14420: checking whether to build static libraries
configure:14424: result: yes
configure:14447: checking how to run the C++ preprocessor
configure:14513: result: g++ -E
configure:14533: g++ -E  conftest.cpp
configure:14533: $? = 0
configure:14547: g++ -E  conftest.cpp
conftest.cpp:29:28: fatal error: ac_nonexistent.h: No such file or directory
compilation terminated.
configure:14547: $? = 1
configure: failed program was:
| /* confdefs.h */
| #define PACKAGE_NAME "ViennaRNA"
| #define PACKAGE_TARNAME "ViennaRNA"
| #define PACKAGE_VERSION "2.4.3"
| #define PACKAGE_STRING "ViennaRNA 2.4.3"
| #define PACKAGE_BUGREPORT "rna@tbi.univie.ac.at"
| #define PACKAGE_URL "http://www.tbi.univie.ac.at/RNA"
| #define STDC_HEADERS 1
| #define HAVE_SYS_TYPES_H 1
| #define HAVE_SYS_STAT_H 1
| #define HAVE_STDLIB_H 1
| #define HAVE_STRING_H 1
| #define HAVE_MEMORY_H 1
| #define HAVE_STRINGS_H 1
| #define HAVE_INTTYPES_H 1
| #define HAVE_STDINT_H 1
| #define HAVE_UNISTD_H 1
| #define __EXTENSIONS__ 1
| #define _ALL_SOURCE 1
| #define _GNU_SOURCE 1
| #define _POSIX_PTHREAD_SEMANTICS 1
| #define _TANDEM_SOURCE 1
| #define PACKAGE "ViennaRNA"
| #define VERSION "2.4.3"
| #define UNUSED __attribute__ ((unused))
| #define HAVE_DLFCN_H 1
| #define LT_OBJDIR ".libs/"
| /* end confdefs.h.  */
| #include <ac_nonexistent.h>
configure:14709: checking for ld used by g++
configure:14776: result: /usr/bin/ld -m elf_x86_64
configure:14783: checking if the linker (/usr/bin/ld -m elf_x86_64) is GNU ld
configure:14798: result: yes
configure:14853: checking whether the g++ linker (/usr/bin/ld -m elf_x86_64) supports shared libraries
configure:15927: result: yes
configure:15963: g++ -c -g -O2  conftest.cpp >&5
configure:15966: $? = 0
configure:16447: checking for g++ option to produce PIC
configure:16454: result: -fPIC -DPIC
configure:16462: checking if g++ PIC flag -fPIC -DPIC works
configure:16480: g++ -c -g -O2  -fPIC -DPIC -DPIC conftest.cpp >&5
configure:16484: $? = 0
configure:16497: result: yes
configure:16520: checking if g++ static flag -static works
configure:16548: result: yes
configure:16560: checking if g++ supports -c -o file.o
configure:16581: g++ -c -g -O2  -o out/conftest2.o conftest.cpp >&5
configure:16585: $? = 0
configure:16607: result: yes
configure:16612: checking if g++ supports -c -o file.o
configure:16659: result: yes
configure:16689: checking whether the g++ linker (/usr/bin/ld -m elf_x86_64) supports shared libraries
configure:16729: result: yes
configure:16870: checking dynamic linker characteristics
configure:17615: result: GNU/Linux ld.so
configure:17680: checking how to hardcode library paths into programs
configure:17705: result: immediate
configure:17770: checking for exp in -lm
configure:17795: gcc -o conftest -g -O2   conftest.c -lm   >&5
conftest.c:36:6: warning: conflicting types for built-in function 'exp'
 char exp ();
      ^
configure:17795: $? = 0
configure:17804: result: yes
configure:17816: checking for ANSI C header files
configure:17920: result: yes
configure:17928: checking for stdbool.h that conforms to C99
configure:17995: gcc -c -g -O2  conftest.c >&5
configure:17995: $? = 0
configure:18002: result: yes
configure:18004: checking for _Bool
configure:18004: gcc -c -g -O2  conftest.c >&5
configure:18004: $? = 0
configure:18004: gcc -c -g -O2  conftest.c >&5
conftest.c: In function 'main':
conftest.c:67:20: error: expected expression before ')' token
 if (sizeof ((_Bool)))
                    ^
configure:18004: $? = 1
configure: failed program was:
| /* confdefs.h */
| #define PACKAGE_NAME "ViennaRNA"
| #define PACKAGE_TARNAME "ViennaRNA"
| #define PACKAGE_VERSION "2.4.3"
| #define PACKAGE_STRING "ViennaRNA 2.4.3"
| #define PACKAGE_BUGREPORT "rna@tbi.univie.ac.at"
| #define PACKAGE_URL "http://www.tbi.univie.ac.at/RNA"
| #define STDC_HEADERS 1
| #define HAVE_SYS_TYPES_H 1
| #define HAVE_SYS_STAT_H 1
| #define HAVE_STDLIB_H 1
| #define HAVE_STRING_H 1
| #define HAVE_MEMORY_H 1
| #define HAVE_STRINGS_H 1
| #define HAVE_INTTYPES_H 1
| #define HAVE_STDINT_H 1
| #define HAVE_UNISTD_H 1
| #define __EXTENSIONS__ 1
| #define _ALL_SOURCE 1
| #define _GNU_SOURCE 1
| #define _POSIX_PTHREAD_SEMANTICS 1
| #define _TANDEM_SOURCE 1
| #define PACKAGE "ViennaRNA"
| #define VERSION "2.4.3"
| #define UNUSED __attribute__ ((unused))
| #define HAVE_DLFCN_H 1
| #define LT_OBJDIR ".libs/"
| #define HAVE_LIBM 1
| #define STDC_HEADERS 1
| /* end confdefs.h.  */
| #include <stdio.h>
| #ifdef HAVE_SYS_TYPES_H
| # include <sys/types.h>
| #endif
| #ifdef HAVE_SYS_STAT_H
| # include <sys/stat.h>
| #endif
| #ifdef STDC_HEADERS
| # include <stdlib.h>
| # include <stddef.h>
| #else
| # ifdef HAVE_STDLIB_H
| #  include <stdlib.h>
| # endif
| #endif
| #ifdef HAVE_STRING_H
| # if !defined STDC_HEADERS && defined HAVE_MEMORY_H
| #  include <memory.h>
| # endif
| # include <string.h>
| #endif
| #ifdef HAVE_STRINGS_H
| # include <strings.h>
| #endif
| #ifdef HAVE_INTTYPES_H
| # include <inttypes.h>
| #endif
| #ifdef HAVE_STDINT_H
| # include <stdint.h>
| #endif
| #ifdef HAVE_UNISTD_H
| # include <unistd.h>
| #endif
| int
| main ()
| {
| if (sizeof ((_Bool)))
| 	    return 0;
|   ;
|   return 0;
| }
configure:18004: result: yes
configure:18024: checking malloc.h usability
configure:18024: gcc -c -g -O2  conftest.c >&5
configure:18024: $? = 0
configure:18024: result: yes
configure:18024: checking malloc.h presence
configure:18024: gcc -E  conftest.c
configure:18024: $? = 0
configure:18024: result: yes
configure:18024: checking for malloc.h
configure:18024: result: yes
configure:18024: checking float.h usability
configure:18024: gcc -c -g -O2  conftest.c >&5
configure:18024: $? = 0
configure:18024: result: yes
configure:18024: checking float.h presence
configure:18024: gcc -E  conftest.c
configure:18024: $? = 0
configure:18024: result: yes
configure:18024: checking for float.h
configure:18024: result: yes
configure:18024: checking limits.h usability
configure:18024: gcc -c -g -O2  conftest.c >&5
configure:18024: $? = 0
configure:18024: result: yes
configure:18024: checking limits.h presence
configure:18024: gcc -E  conftest.c
configure:18024: $? = 0
configure:18024: result: yes
configure:18024: checking for limits.h
configure:18024: result: yes
configure:18024: checking for stdlib.h
configure:18024: result: yes
configure:18024: checking for string.h
configure:18024: result: yes
configure:18024: checking for strings.h
configure:18024: result: yes
configure:18024: checking for unistd.h
configure:18024: result: yes
configure:18024: checking math.h usability
configure:18024: gcc -c -g -O2  conftest.c >&5
configure:18024: $? = 0
configure:18024: result: yes
configure:18024: checking math.h presence
configure:18024: gcc -E  conftest.c
configure:18024: $? = 0
configure:18024: result: yes
configure:18024: checking for math.h
configure:18024: result: yes
configure:18024: checking stdarg.h usability
configure:18024: gcc -c -g -O2  conftest.c >&5
configure:18024: $? = 0
configure:18024: result: yes
configure:18024: checking stdarg.h presence
configure:18024: gcc -E  conftest.c
configure:18024: $? = 0
configure:18024: result: yes
configure:18024: checking for stdarg.h
configure:18024: result: yes
configure:18037: checking for stdlib.h
configure:18037: result: yes
configure:18047: checking for GNU libc compatible malloc
configure:18071: gcc -o conftest -g -O2   conftest.c -lm  >&5
configure:18071: $? = 0
configure:18071: ./conftest
configure:18071: $? = 0
configure:18081: result: yes
configure:18104: checking for stdlib.h
configure:18104: result: yes
configure:18114: checking for GNU libc compatible realloc
configure:18138: gcc -o conftest -g -O2   conftest.c -lm  >&5
configure:18138: $? = 0
configure:18138: ./conftest
configure:18138: $? = 0
configure:18148: result: yes
configure:18169: checking for working strtod
configure:18210: gcc -o conftest -g -O2   conftest.c -lm  >&5
configure:18210: $? = 0
configure:18210: ./conftest
configure:18210: $? = 0
configure:18220: result: yes
configure:18285: checking for floor
configure:18285: gcc -o conftest -g -O2   conftest.c -lm  >&5
conftest.c:69:6: warning: conflicting types for built-in function 'floor'
 char floor ();
      ^
configure:18285: $? = 0
configure:18285: result: yes
configure:18285: checking for strdup
configure:18285: gcc -o conftest -g -O2   conftest.c -lm  >&5
conftest.c:70:6: warning: conflicting types for built-in function 'strdup'
 char strdup ();
      ^
configure:18285: $? = 0
configure:18285: result: yes
configure:18285: checking for strstr
configure:18285: gcc -o conftest -g -O2   conftest.c -lm  >&5
conftest.c:71:6: warning: conflicting types for built-in function 'strstr'
 char strstr ();
      ^
configure:18285: $? = 0
configure:18285: result: yes
configure:18285: checking for strchr
configure:18285: gcc -o conftest -g -O2   conftest.c -lm  >&5
conftest.c:72:6: warning: conflicting types for built-in function 'strchr'
 char strchr ();
      ^
configure:18285: $? = 0
configure:18285: result: yes
configure:18285: checking for strrchr
configure:18285: gcc -o conftest -g -O2   conftest.c -lm  >&5
conftest.c:73:6: warning: conflicting types for built-in function 'strrchr'
 char strrchr ();
      ^
configure:18285: $? = 0
configure:18285: result: yes
configure:18285: checking for strstr
configure:18285: result: yes
configure:18285: checking for strtol
configure:18285: gcc -o conftest -g -O2   conftest.c -lm  >&5
configure:18285: $? = 0
configure:18285: result: yes
configure:18285: checking for strtoul
configure:18285: gcc -o conftest -g -O2   conftest.c -lm  >&5
configure:18285: $? = 0
configure:18285: result: yes
configure:18285: checking for pow
configure:18285: gcc -o conftest -g -O2   conftest.c -lm  >&5
conftest.c:77:6: warning: conflicting types for built-in function 'pow'
 char pow ();
      ^
configure:18285: $? = 0
configure:18285: result: yes
configure:18285: checking for rint
configure:18285: gcc -o conftest -g -O2   conftest.c -lm  >&5
conftest.c:78:6: warning: conflicting types for built-in function 'rint'
 char rint ();
      ^
configure:18285: $? = 0
configure:18285: result: yes
configure:18285: checking for sqrt
configure:18285: gcc -o conftest -g -O2   conftest.c -lm  >&5
conftest.c:79:6: warning: conflicting types for built-in function 'sqrt'
 char sqrt ();
      ^
configure:18285: $? = 0
configure:18285: result: yes
configure:18285: checking for erand48
configure:18285: gcc -o conftest -g -O2   conftest.c -lm  >&5
configure:18285: $? = 0
configure:18285: result: yes
configure:18285: checking for memset
configure:18285: gcc -o conftest -g -O2   conftest.c -lm  >&5
conftest.c:81:6: warning: conflicting types for built-in function 'memset'
 char memset ();
      ^
configure:18285: $? = 0
configure:18285: result: yes
configure:18285: checking for memmove
configure:18285: gcc -o conftest -g -O2   conftest.c -lm  >&5
conftest.c:82:6: warning: conflicting types for built-in function 'memmove'
 char memmove ();
      ^
configure:18285: $? = 0
configure:18285: result: yes
configure:18285: checking for erand48
configure:18285: result: yes
configure:18285: checking for asprintf
configure:18285: gcc -o conftest -g -O2   conftest.c -lm  >&5
configure:18285: $? = 0
configure:18285: result: yes
configure:18285: checking for vasprintf
configure:18285: gcc -o conftest -g -O2   conftest.c -lm  >&5
configure:18285: $? = 0
configure:18285: result: yes
configure:18295: checking for an ANSI C-conforming const
configure:18361: gcc -c -g -O2  conftest.c >&5
configure:18361: $? = 0
configure:18368: result: yes
configure:18376: checking for size_t
configure:18376: gcc -c -g -O2  conftest.c >&5
configure:18376: $? = 0
configure:18376: gcc -c -g -O2  conftest.c >&5
conftest.c: In function 'main':
conftest.c:99:21: error: expected expression before ')' token
 if (sizeof ((size_t)))
                     ^
configure:18376: $? = 1
configure: failed program was:
| /* confdefs.h */
| #define PACKAGE_NAME "ViennaRNA"
| #define PACKAGE_TARNAME "ViennaRNA"
| #define PACKAGE_VERSION "2.4.3"
| #define PACKAGE_STRING "ViennaRNA 2.4.3"
| #define PACKAGE_BUGREPORT "rna@tbi.univie.ac.at"
| #define PACKAGE_URL "http://www.tbi.univie.ac.at/RNA"
| #define STDC_HEADERS 1
| #define HAVE_SYS_TYPES_H 1
| #define HAVE_SYS_STAT_H 1
| #define HAVE_STDLIB_H 1
| #define HAVE_STRING_H 1
| #define HAVE_MEMORY_H 1
| #define HAVE_STRINGS_H 1
| #define HAVE_INTTYPES_H 1
| #define HAVE_STDINT_H 1
| #define HAVE_UNISTD_H 1
| #define __EXTENSIONS__ 1
| #define _ALL_SOURCE 1
| #define _GNU_SOURCE 1
| #define _POSIX_PTHREAD_SEMANTICS 1
| #define _TANDEM_SOURCE 1
| #define PACKAGE "ViennaRNA"
| #define VERSION "2.4.3"
| #define UNUSED __attribute__ ((unused))
| #define HAVE_DLFCN_H 1
| #define LT_OBJDIR ".libs/"
| #define HAVE_LIBM 1
| #define STDC_HEADERS 1
| #define HAVE__BOOL 1
| #define HAVE_STDBOOL_H 1
| #define HAVE_MALLOC_H 1
| #define HAVE_FLOAT_H 1
| #define HAVE_LIMITS_H 1
| #define HAVE_STDLIB_H 1
| #define HAVE_STRING_H 1
| #define HAVE_STRINGS_H 1
| #define HAVE_UNISTD_H 1
| #define HAVE_MATH_H 1
| #define HAVE_STDARG_H 1
| #define HAVE_STDLIB_H 1
| #define HAVE_MALLOC 1
| #define HAVE_STDLIB_H 1
| #define HAVE_REALLOC 1
| #define HAVE_FLOOR 1
| #define HAVE_STRDUP 1
| #define HAVE_STRSTR 1
| #define HAVE_STRCHR 1
| #define HAVE_STRRCHR 1
| #define HAVE_STRSTR 1
| #define HAVE_STRTOL 1
| #define HAVE_STRTOUL 1
| #define HAVE_POW 1
| #define HAVE_RINT 1
| #define HAVE_SQRT 1
| #define HAVE_ERAND48 1
| #define HAVE_MEMSET 1
| #define HAVE_MEMMOVE 1
| #define HAVE_ERAND48 1
| #define HAVE_ASPRINTF 1
| #define HAVE_VASPRINTF 1
| /* end confdefs.h.  */
| #include <stdio.h>
| #ifdef HAVE_SYS_TYPES_H
| # include <sys/types.h>
| #endif
| #ifdef HAVE_SYS_STAT_H
| # include <sys/stat.h>
| #endif
| #ifdef STDC_HEADERS
| # include <stdlib.h>
| # include <stddef.h>
| #else
| # ifdef HAVE_STDLIB_H
| #  include <stdlib.h>
| # endif
| #endif
| #ifdef HAVE_STRING_H
| # if !defined STDC_HEADERS && defined HAVE_MEMORY_H
| #  include <memory.h>
| # endif
| # include <string.h>
| #endif
| #ifdef HAVE_STRINGS_H
| # include <strings.h>
| #endif
| #ifdef HAVE_INTTYPES_H
| # include <inttypes.h>
| #endif
| #ifdef HAVE_STDINT_H
| # include <stdint.h>
| #endif
| #ifdef HAVE_UNISTD_H
| # include <unistd.h>
| #endif
| int
| main ()
| {
| if (sizeof ((size_t)))
| 	    return 0;
|   ;
|   return 0;
| }
configure:18376: result: yes
configure:18387: checking for inline
configure:18403: gcc -c -g -O2  conftest.c >&5
configure:18403: $? = 0
configure:18411: result: inline
configure:18486: checking for pkg-config
configure:18504: found /usr/bin/pkg-config
configure:18516: result: /usr/bin/pkg-config
configure:18541: checking pkg-config is at least version 0.9.0
configure:18544: result: yes
configure:18554: checking for C compiler vendor
configure:18601: gcc -c -g -O2  conftest.c >&5
conftest.c: In function 'main':
conftest.c:69:9: error: 'thisisanerror' undeclared (first use in this function)
         thisisanerror;
         ^
conftest.c:69:9: note: each undeclared identifier is reported only once for each function it appears in
configure:18601: $? = 1
configure: failed program was:
| /* confdefs.h */
| #define PACKAGE_NAME "ViennaRNA"
| #define PACKAGE_TARNAME "ViennaRNA"
| #define PACKAGE_VERSION "2.4.3"
| #define PACKAGE_STRING "ViennaRNA 2.4.3"
| #define PACKAGE_BUGREPORT "rna@tbi.univie.ac.at"
| #define PACKAGE_URL "http://www.tbi.univie.ac.at/RNA"
| #define STDC_HEADERS 1
| #define HAVE_SYS_TYPES_H 1
| #define HAVE_SYS_STAT_H 1
| #define HAVE_STDLIB_H 1
| #define HAVE_STRING_H 1
| #define HAVE_MEMORY_H 1
| #define HAVE_STRINGS_H 1
| #define HAVE_INTTYPES_H 1
| #define HAVE_STDINT_H 1
| #define HAVE_UNISTD_H 1
| #define __EXTENSIONS__ 1
| #define _ALL_SOURCE 1
| #define _GNU_SOURCE 1
| #define _POSIX_PTHREAD_SEMANTICS 1
| #define _TANDEM_SOURCE 1
| #define PACKAGE "ViennaRNA"
| #define VERSION "2.4.3"
| #define UNUSED __attribute__ ((unused))
| #define HAVE_DLFCN_H 1
| #define LT_OBJDIR ".libs/"
| #define HAVE_LIBM 1
| #define STDC_HEADERS 1
| #define HAVE__BOOL 1
| #define HAVE_STDBOOL_H 1
| #define HAVE_MALLOC_H 1
| #define HAVE_FLOAT_H 1
| #define HAVE_LIMITS_H 1
| #define HAVE_STDLIB_H 1
| #define HAVE_STRING_H 1
| #define HAVE_STRINGS_H 1
| #define HAVE_UNISTD_H 1
| #define HAVE_MATH_H 1
| #define HAVE_STDARG_H 1
| #define HAVE_STDLIB_H 1
| #define HAVE_MALLOC 1
| #define HAVE_STDLIB_H 1
| #define HAVE_REALLOC 1
| #define HAVE_FLOOR 1
| #define HAVE_STRDUP 1
| #define HAVE_STRSTR 1
| #define HAVE_STRCHR 1
| #define HAVE_STRRCHR 1
| #define HAVE_STRSTR 1
| #define HAVE_STRTOL 1
| #define HAVE_STRTOUL 1
| #define HAVE_POW 1
| #define HAVE_RINT 1
| #define HAVE_SQRT 1
| #define HAVE_ERAND48 1
| #define HAVE_MEMSET 1
| #define HAVE_MEMMOVE 1
| #define HAVE_ERAND48 1
| #define HAVE_ASPRINTF 1
| #define HAVE_VASPRINTF 1
| /* end confdefs.h.  */
| 
| int
| main ()
| {
| 
|       #if !(defined(__ICC) || defined(__ECC) || defined(__INTEL_COMPILER))
|         thisisanerror;
|       #endif
| 
|   ;
|   return 0;
| }
configure:18601: gcc -c -g -O2  conftest.c >&5
conftest.c: In function 'main':
conftest.c:69:9: error: 'thisisanerror' undeclared (first use in this function)
         thisisanerror;
         ^
conftest.c:69:9: note: each undeclared identifier is reported only once for each function it appears in
configure:18601: $? = 1
configure: failed program was:
| /* confdefs.h */
| #define PACKAGE_NAME "ViennaRNA"
| #define PACKAGE_TARNAME "ViennaRNA"
| #define PACKAGE_VERSION "2.4.3"
| #define PACKAGE_STRING "ViennaRNA 2.4.3"
| #define PACKAGE_BUGREPORT "rna@tbi.univie.ac.at"
| #define PACKAGE_URL "http://www.tbi.univie.ac.at/RNA"
| #define STDC_HEADERS 1
| #define HAVE_SYS_TYPES_H 1
| #define HAVE_SYS_STAT_H 1
| #define HAVE_STDLIB_H 1
| #define HAVE_STRING_H 1
| #define HAVE_MEMORY_H 1
| #define HAVE_STRINGS_H 1
| #define HAVE_INTTYPES_H 1
| #define HAVE_STDINT_H 1
| #define HAVE_UNISTD_H 1
| #define __EXTENSIONS__ 1
| #define _ALL_SOURCE 1
| #define _GNU_SOURCE 1
| #define _POSIX_PTHREAD_SEMANTICS 1
| #define _TANDEM_SOURCE 1
| #define PACKAGE "ViennaRNA"
| #define VERSION "2.4.3"
| #define UNUSED __attribute__ ((unused))
| #define HAVE_DLFCN_H 1
| #define LT_OBJDIR ".libs/"
| #define HAVE_LIBM 1
| #define STDC_HEADERS 1
| #define HAVE__BOOL 1
| #define HAVE_STDBOOL_H 1
| #define HAVE_MALLOC_H 1
| #define HAVE_FLOAT_H 1
| #define HAVE_LIMITS_H 1
| #define HAVE_STDLIB_H 1
| #define HAVE_STRING_H 1
| #define HAVE_STRINGS_H 1
| #define HAVE_UNISTD_H 1
| #define HAVE_MATH_H 1
| #define HAVE_STDARG_H 1
| #define HAVE_STDLIB_H 1
| #define HAVE_MALLOC 1
| #define HAVE_STDLIB_H 1
| #define HAVE_REALLOC 1
| #define HAVE_FLOOR 1
| #define HAVE_STRDUP 1
| #define HAVE_STRSTR 1
| #define HAVE_STRCHR 1
| #define HAVE_STRRCHR 1
| #define HAVE_STRSTR 1
| #define HAVE_STRTOL 1
| #define HAVE_STRTOUL 1
| #define HAVE_POW 1
| #define HAVE_RINT 1
| #define HAVE_SQRT 1
| #define HAVE_ERAND48 1
| #define HAVE_MEMSET 1
| #define HAVE_MEMMOVE 1
| #define HAVE_ERAND48 1
| #define HAVE_ASPRINTF 1
| #define HAVE_VASPRINTF 1
| /* end confdefs.h.  */
| 
| int
| main ()
| {
| 
|       #if !(defined(__xlc__) || defined(__xlC__) || defined(__IBMC__) || defined(__IBMCPP__))
|         thisisanerror;
|       #endif
| 
|   ;
|   return 0;
| }
configure:18601: gcc -c -g -O2  conftest.c >&5
conftest.c: In function 'main':
conftest.c:69:9: error: 'thisisanerror' undeclared (first use in this function)
         thisisanerror;
         ^
conftest.c:69:9: note: each undeclared identifier is reported only once for each function it appears in
configure:18601: $? = 1
configure: failed program was:
| /* confdefs.h */
| #define PACKAGE_NAME "ViennaRNA"
| #define PACKAGE_TARNAME "ViennaRNA"
| #define PACKAGE_VERSION "2.4.3"
| #define PACKAGE_STRING "ViennaRNA 2.4.3"
| #define PACKAGE_BUGREPORT "rna@tbi.univie.ac.at"
| #define PACKAGE_URL "http://www.tbi.univie.ac.at/RNA"
| #define STDC_HEADERS 1
| #define HAVE_SYS_TYPES_H 1
| #define HAVE_SYS_STAT_H 1
| #define HAVE_STDLIB_H 1
| #define HAVE_STRING_H 1
| #define HAVE_MEMORY_H 1
| #define HAVE_STRINGS_H 1
| #define HAVE_INTTYPES_H 1
| #define HAVE_STDINT_H 1
| #define HAVE_UNISTD_H 1
| #define __EXTENSIONS__ 1
| #define _ALL_SOURCE 1
| #define _GNU_SOURCE 1
| #define _POSIX_PTHREAD_SEMANTICS 1
| #define _TANDEM_SOURCE 1
| #define PACKAGE "ViennaRNA"
| #define VERSION "2.4.3"
| #define UNUSED __attribute__ ((unused))
| #define HAVE_DLFCN_H 1
| #define LT_OBJDIR ".libs/"
| #define HAVE_LIBM 1
| #define STDC_HEADERS 1
| #define HAVE__BOOL 1
| #define HAVE_STDBOOL_H 1
| #define HAVE_MALLOC_H 1
| #define HAVE_FLOAT_H 1
| #define HAVE_LIMITS_H 1
| #define HAVE_STDLIB_H 1
| #define HAVE_STRING_H 1
| #define HAVE_STRINGS_H 1
| #define HAVE_UNISTD_H 1
| #define HAVE_MATH_H 1
| #define HAVE_STDARG_H 1
| #define HAVE_STDLIB_H 1
| #define HAVE_MALLOC 1
| #define HAVE_STDLIB_H 1
| #define HAVE_REALLOC 1
| #define HAVE_FLOOR 1
| #define HAVE_STRDUP 1
| #define HAVE_STRSTR 1
| #define HAVE_STRCHR 1
| #define HAVE_STRRCHR 1
| #define HAVE_STRSTR 1
| #define HAVE_STRTOL 1
| #define HAVE_STRTOUL 1
| #define HAVE_POW 1
| #define HAVE_RINT 1
| #define HAVE_SQRT 1
| #define HAVE_ERAND48 1
| #define HAVE_MEMSET 1
| #define HAVE_MEMMOVE 1
| #define HAVE_ERAND48 1
| #define HAVE_ASPRINTF 1
| #define HAVE_VASPRINTF 1
| /* end confdefs.h.  */
| 
| int
| main ()
| {
| 
|       #if !(defined(__PATHCC__) || defined(__PATHSCALE__))
|         thisisanerror;
|       #endif
| 
|   ;
|   return 0;
| }
configure:18601: gcc -c -g -O2  conftest.c >&5
conftest.c: In function 'main':
conftest.c:69:9: error: 'thisisanerror' undeclared (first use in this function)
         thisisanerror;
         ^
conftest.c:69:9: note: each undeclared identifier is reported only once for each function it appears in
configure:18601: $? = 1
configure: failed program was:
| /* confdefs.h */
| #define PACKAGE_NAME "ViennaRNA"
| #define PACKAGE_TARNAME "ViennaRNA"
| #define PACKAGE_VERSION "2.4.3"
| #define PACKAGE_STRING "ViennaRNA 2.4.3"
| #define PACKAGE_BUGREPORT "rna@tbi.univie.ac.at"
| #define PACKAGE_URL "http://www.tbi.univie.ac.at/RNA"
| #define STDC_HEADERS 1
| #define HAVE_SYS_TYPES_H 1
| #define HAVE_SYS_STAT_H 1
| #define HAVE_STDLIB_H 1
| #define HAVE_STRING_H 1
| #define HAVE_MEMORY_H 1
| #define HAVE_STRINGS_H 1
| #define HAVE_INTTYPES_H 1
| #define HAVE_STDINT_H 1
| #define HAVE_UNISTD_H 1
| #define __EXTENSIONS__ 1
| #define _ALL_SOURCE 1
| #define _GNU_SOURCE 1
| #define _POSIX_PTHREAD_SEMANTICS 1
| #define _TANDEM_SOURCE 1
| #define PACKAGE "ViennaRNA"
| #define VERSION "2.4.3"
| #define UNUSED __attribute__ ((unused))
| #define HAVE_DLFCN_H 1
| #define LT_OBJDIR ".libs/"
| #define HAVE_LIBM 1
| #define STDC_HEADERS 1
| #define HAVE__BOOL 1
| #define HAVE_STDBOOL_H 1
| #define HAVE_MALLOC_H 1
| #define HAVE_FLOAT_H 1
| #define HAVE_LIMITS_H 1
| #define HAVE_STDLIB_H 1
| #define HAVE_STRING_H 1
| #define HAVE_STRINGS_H 1
| #define HAVE_UNISTD_H 1
| #define HAVE_MATH_H 1
| #define HAVE_STDARG_H 1
| #define HAVE_STDLIB_H 1
| #define HAVE_MALLOC 1
| #define HAVE_STDLIB_H 1
| #define HAVE_REALLOC 1
| #define HAVE_FLOOR 1
| #define HAVE_STRDUP 1
| #define HAVE_STRSTR 1
| #define HAVE_STRCHR 1
| #define HAVE_STRRCHR 1
| #define HAVE_STRSTR 1
| #define HAVE_STRTOL 1
| #define HAVE_STRTOUL 1
| #define HAVE_POW 1
| #define HAVE_RINT 1
| #define HAVE_SQRT 1
| #define HAVE_ERAND48 1
| #define HAVE_MEMSET 1
| #define HAVE_MEMMOVE 1
| #define HAVE_ERAND48 1
| #define HAVE_ASPRINTF 1
| #define HAVE_VASPRINTF 1
| /* end confdefs.h.  */
| 
| int
| main ()
| {
| 
|       #if !(defined(__clang__))
|         thisisanerror;
|       #endif
| 
|   ;
|   return 0;
| }
configure:18601: gcc -c -g -O2  conftest.c >&5
conftest.c: In function 'main':
conftest.c:69:9: error: 'thisisanerror' undeclared (first use in this function)
         thisisanerror;
         ^
conftest.c:69:9: note: each undeclared identifier is reported only once for each function it appears in
configure:18601: $? = 1
configure: failed program was:
| /* confdefs.h */
| #define PACKAGE_NAME "ViennaRNA"
| #define PACKAGE_TARNAME "ViennaRNA"
| #define PACKAGE_VERSION "2.4.3"
| #define PACKAGE_STRING "ViennaRNA 2.4.3"
| #define PACKAGE_BUGREPORT "rna@tbi.univie.ac.at"
| #define PACKAGE_URL "http://www.tbi.univie.ac.at/RNA"
| #define STDC_HEADERS 1
| #define HAVE_SYS_TYPES_H 1
| #define HAVE_SYS_STAT_H 1
| #define HAVE_STDLIB_H 1
| #define HAVE_STRING_H 1
| #define HAVE_MEMORY_H 1
| #define HAVE_STRINGS_H 1
| #define HAVE_INTTYPES_H 1
| #define HAVE_STDINT_H 1
| #define HAVE_UNISTD_H 1
| #define __EXTENSIONS__ 1
| #define _ALL_SOURCE 1
| #define _GNU_SOURCE 1
| #define _POSIX_PTHREAD_SEMANTICS 1
| #define _TANDEM_SOURCE 1
| #define PACKAGE "ViennaRNA"
| #define VERSION "2.4.3"
| #define UNUSED __attribute__ ((unused))
| #define HAVE_DLFCN_H 1
| #define LT_OBJDIR ".libs/"
| #define HAVE_LIBM 1
| #define STDC_HEADERS 1
| #define HAVE__BOOL 1
| #define HAVE_STDBOOL_H 1
| #define HAVE_MALLOC_H 1
| #define HAVE_FLOAT_H 1
| #define HAVE_LIMITS_H 1
| #define HAVE_STDLIB_H 1
| #define HAVE_STRING_H 1
| #define HAVE_STRINGS_H 1
| #define HAVE_UNISTD_H 1
| #define HAVE_MATH_H 1
| #define HAVE_STDARG_H 1
| #define HAVE_STDLIB_H 1
| #define HAVE_MALLOC 1
| #define HAVE_STDLIB_H 1
| #define HAVE_REALLOC 1
| #define HAVE_FLOOR 1
| #define HAVE_STRDUP 1
| #define HAVE_STRSTR 1
| #define HAVE_STRCHR 1
| #define HAVE_STRRCHR 1
| #define HAVE_STRSTR 1
| #define HAVE_STRTOL 1
| #define HAVE_STRTOUL 1
| #define HAVE_POW 1
| #define HAVE_RINT 1
| #define HAVE_SQRT 1
| #define HAVE_ERAND48 1
| #define HAVE_MEMSET 1
| #define HAVE_MEMMOVE 1
| #define HAVE_ERAND48 1
| #define HAVE_ASPRINTF 1
| #define HAVE_VASPRINTF 1
| /* end confdefs.h.  */
| 
| int
| main ()
| {
| 
|       #if !(defined(_CRAYC))
|         thisisanerror;
|       #endif
| 
|   ;
|   return 0;
| }
configure:18601: gcc -c -g -O2  conftest.c >&5
conftest.c: In function 'main':
conftest.c:69:9: error: 'thisisanerror' undeclared (first use in this function)
         thisisanerror;
         ^
conftest.c:69:9: note: each undeclared identifier is reported only once for each function it appears in
configure:18601: $? = 1
configure: failed program was:
| /* confdefs.h */
| #define PACKAGE_NAME "ViennaRNA"
| #define PACKAGE_TARNAME "ViennaRNA"
| #define PACKAGE_VERSION "2.4.3"
| #define PACKAGE_STRING "ViennaRNA 2.4.3"
| #define PACKAGE_BUGREPORT "rna@tbi.univie.ac.at"
| #define PACKAGE_URL "http://www.tbi.univie.ac.at/RNA"
| #define STDC_HEADERS 1
| #define HAVE_SYS_TYPES_H 1
| #define HAVE_SYS_STAT_H 1
| #define HAVE_STDLIB_H 1
| #define HAVE_STRING_H 1
| #define HAVE_MEMORY_H 1
| #define HAVE_STRINGS_H 1
| #define HAVE_INTTYPES_H 1
| #define HAVE_STDINT_H 1
| #define HAVE_UNISTD_H 1
| #define __EXTENSIONS__ 1
| #define _ALL_SOURCE 1
| #define _GNU_SOURCE 1
| #define _POSIX_PTHREAD_SEMANTICS 1
| #define _TANDEM_SOURCE 1
| #define PACKAGE "ViennaRNA"
| #define VERSION "2.4.3"
| #define UNUSED __attribute__ ((unused))
| #define HAVE_DLFCN_H 1
| #define LT_OBJDIR ".libs/"
| #define HAVE_LIBM 1
| #define STDC_HEADERS 1
| #define HAVE__BOOL 1
| #define HAVE_STDBOOL_H 1
| #define HAVE_MALLOC_H 1
| #define HAVE_FLOAT_H 1
| #define HAVE_LIMITS_H 1
| #define HAVE_STDLIB_H 1
| #define HAVE_STRING_H 1
| #define HAVE_STRINGS_H 1
| #define HAVE_UNISTD_H 1
| #define HAVE_MATH_H 1
| #define HAVE_STDARG_H 1
| #define HAVE_STDLIB_H 1
| #define HAVE_MALLOC 1
| #define HAVE_STDLIB_H 1
| #define HAVE_REALLOC 1
| #define HAVE_FLOOR 1
| #define HAVE_STRDUP 1
| #define HAVE_STRSTR 1
| #define HAVE_STRCHR 1
| #define HAVE_STRRCHR 1
| #define HAVE_STRSTR 1
| #define HAVE_STRTOL 1
| #define HAVE_STRTOUL 1
| #define HAVE_POW 1
| #define HAVE_RINT 1
| #define HAVE_SQRT 1
| #define HAVE_ERAND48 1
| #define HAVE_MEMSET 1
| #define HAVE_MEMMOVE 1
| #define HAVE_ERAND48 1
| #define HAVE_ASPRINTF 1
| #define HAVE_VASPRINTF 1
| /* end confdefs.h.  */
| 
| int
| main ()
| {
| 
|       #if !(defined(__FUJITSU))
|         thisisanerror;
|       #endif
| 
|   ;
|   return 0;
| }
configure:18601: gcc -c -g -O2  conftest.c >&5
configure:18601: $? = 0
configure:18609: result: gnu
configure:18619: checking for perl
configure:18637: found /usr/bin/perl
configure:18649: result: /usr/bin/perl
configure:18677: checking whether C compiler accepts -fno-strict-aliasing
configure:18696: gcc -c -g -O2  -fno-strict-aliasing  conftest.c >&5
configure:18696: $? = 0
configure:18704: result: yes
configure:18732: : RNA_CFLAGS="$RNA_CFLAGS"
configure:18735: $? = 0
configure:18758: checking whether C++ compiler accepts -fno-strict-aliasing
configure:18777: g++ -c -g -O2  -fno-strict-aliasing  conftest.cpp >&5
configure:18777: $? = 0
configure:18785: result: yes
configure:18813: : RNA_CXXFLAGS="$RNA_CXXFLAGS"
configure:18816: $? = 0
configure:18833: checking whether the linker accepts -fno-strict-aliasing
configure:18852: gcc -o conftest -g -O2    -fno-strict-aliasing conftest.c -lm  >&5
configure:18852: $? = 0
configure:18861: result: yes
configure:18889: : RNA_LDFLAGS="$RNA_LDFLAGS"
configure:18892: $? = 0
configure:18933: checking whether the C compiler allows unnamed unions of unnamed structs
configure:18956: gcc -o conftest -g -O2   conftest.c -lm  >&5
configure:18956: $? = 0
configure:18956: ./conftest
configure:18956: $? = 0
configure:18972: result: yes
configure:18977: checking whether the C++ compiler allows unnamed unions of unnamed structs
configure:19001: g++ -o conftest -g -O2   conftest.cpp -lm  >&5
configure:19001: $? = 0
configure:19001: ./conftest
configure:19001: $? = 0
configure:19017: result: yes
configure:19612: checking whether C compiler accepts -flto
configure:19631: gcc -c -g -O2  -flto  conftest.c >&5
configure:19631: $? = 0
configure:19639: result: yes
configure:19661: checking whether C++ compiler accepts -flto
configure:19680: g++ -c -g -O2  -flto  conftest.cpp >&5
configure:19680: $? = 0
configure:19688: result: yes
configure:19710: checking whether C compiler accepts -ffat-lto-objects
configure:19729: gcc -c -g -O2  -ffat-lto-objects  conftest.c >&5
configure:19729: $? = 0
configure:19737: result: yes
configure:19759: checking whether C++ compiler accepts -ffat-lto-objects
configure:19778: g++ -c -g -O2  -ffat-lto-objects  conftest.cpp >&5
configure:19778: $? = 0
configure:19786: result: yes
configure:20036: WARNING: Trying to re-set ar/ranlib/nm to compiler specific wrappers
configure:20084: checking for gcc-ar
configure:20100: found /usr/bin/gcc-ar
configure:20111: result: gcc-ar
configure:20176: checking for gcc-ranlib
configure:20192: found /usr/bin/gcc-ranlib
configure:20203: result: gcc-ranlib
configure:20268: checking for gcc-nm
configure:20284: found /usr/bin/gcc-nm
configure:20295: result: gcc-nm
configure:20727: checking for ./src/libsvm-3.22/svm.cpp
configure:20730: result: yes
configure:20727: checking for ./src/libsvm-3.22/svm.h
configure:20730: result: yes
configure:20803: checking for ./src/json/json.c
configure:20806: result: yes
configure:20803: checking for ./src/json/json.h
configure:20806: result: yes
configure:20906: checking for cblas_dgemm in -lgslcblas
configure:20931: gcc -o conftest -g -O2   conftest.c -lgslcblas  -lm  >&5
/usr/bin/ld: cannot find -lgslcblas
collect2: error: ld returned 1 exit status
configure:20931: $? = 1
configure: failed program was:
| /* confdefs.h */
| #define PACKAGE_NAME "ViennaRNA"
| #define PACKAGE_TARNAME "ViennaRNA"
| #define PACKAGE_VERSION "2.4.3"
| #define PACKAGE_STRING "ViennaRNA 2.4.3"
| #define PACKAGE_BUGREPORT "rna@tbi.univie.ac.at"
| #define PACKAGE_URL "http://www.tbi.univie.ac.at/RNA"
| #define STDC_HEADERS 1
| #define HAVE_SYS_TYPES_H 1
| #define HAVE_SYS_STAT_H 1
| #define HAVE_STDLIB_H 1
| #define HAVE_STRING_H 1
| #define HAVE_MEMORY_H 1
| #define HAVE_STRINGS_H 1
| #define HAVE_INTTYPES_H 1
| #define HAVE_STDINT_H 1
| #define HAVE_UNISTD_H 1
| #define __EXTENSIONS__ 1
| #define _ALL_SOURCE 1
| #define _GNU_SOURCE 1
| #define _POSIX_PTHREAD_SEMANTICS 1
| #define _TANDEM_SOURCE 1
| #define PACKAGE "ViennaRNA"
| #define VERSION "2.4.3"
| #define UNUSED __attribute__ ((unused))
| #define HAVE_DLFCN_H 1
| #define LT_OBJDIR ".libs/"
| #define HAVE_LIBM 1
| #define STDC_HEADERS 1
| #define HAVE__BOOL 1
| #define HAVE_STDBOOL_H 1
| #define HAVE_MALLOC_H 1
| #define HAVE_FLOAT_H 1
| #define HAVE_LIMITS_H 1
| #define HAVE_STDLIB_H 1
| #define HAVE_STRING_H 1
| #define HAVE_STRINGS_H 1
| #define HAVE_UNISTD_H 1
| #define HAVE_MATH_H 1
| #define HAVE_STDARG_H 1
| #define HAVE_STDLIB_H 1
| #define HAVE_MALLOC 1
| #define HAVE_STDLIB_H 1
| #define HAVE_REALLOC 1
| #define HAVE_FLOOR 1
| #define HAVE_STRDUP 1
| #define HAVE_STRSTR 1
| #define HAVE_STRCHR 1
| #define HAVE_STRRCHR 1
| #define HAVE_STRSTR 1
| #define HAVE_STRTOL 1
| #define HAVE_STRTOUL 1
| #define HAVE_POW 1
| #define HAVE_RINT 1
| #define HAVE_SQRT 1
| #define HAVE_ERAND48 1
| #define HAVE_MEMSET 1
| #define HAVE_MEMMOVE 1
| #define HAVE_ERAND48 1
| #define HAVE_ASPRINTF 1
| #define HAVE_VASPRINTF 1
| #define VRNA_WITH_SVM 1
| #define VRNA_WITH_JSON_SUPPORT 1
| /* end confdefs.h.  */
| 
| /* Override any GCC internal prototype to avoid an error.
|    Use char because int might match the return type of a GCC
|    builtin and then its argument prototype would still apply.  */
| #ifdef __cplusplus
| extern "C"
| #endif
| char cblas_dgemm ();
| int
| main ()
| {
| return cblas_dgemm ();
|   ;
|   return 0;
| }
configure:20940: result: no
configure:20951: checking for gsl_blas_dgemm in -lgsl
configure:20976: gcc -o conftest -g -O2   conftest.c -lgsl  -lm  >&5
/usr/bin/ld: cannot find -lgsl
collect2: error: ld returned 1 exit status
configure:20976: $? = 1
configure: failed program was:
| /* confdefs.h */
| #define PACKAGE_NAME "ViennaRNA"
| #define PACKAGE_TARNAME "ViennaRNA"
| #define PACKAGE_VERSION "2.4.3"
| #define PACKAGE_STRING "ViennaRNA 2.4.3"
| #define PACKAGE_BUGREPORT "rna@tbi.univie.ac.at"
| #define PACKAGE_URL "http://www.tbi.univie.ac.at/RNA"
| #define STDC_HEADERS 1
| #define HAVE_SYS_TYPES_H 1
| #define HAVE_SYS_STAT_H 1
| #define HAVE_STDLIB_H 1
| #define HAVE_STRING_H 1
| #define HAVE_MEMORY_H 1
| #define HAVE_STRINGS_H 1
| #define HAVE_INTTYPES_H 1
| #define HAVE_STDINT_H 1
| #define HAVE_UNISTD_H 1
| #define __EXTENSIONS__ 1
| #define _ALL_SOURCE 1
| #define _GNU_SOURCE 1
| #define _POSIX_PTHREAD_SEMANTICS 1
| #define _TANDEM_SOURCE 1
| #define PACKAGE "ViennaRNA"
| #define VERSION "2.4.3"
| #define UNUSED __attribute__ ((unused))
| #define HAVE_DLFCN_H 1
| #define LT_OBJDIR ".libs/"
| #define HAVE_LIBM 1
| #define STDC_HEADERS 1
| #define HAVE__BOOL 1
| #define HAVE_STDBOOL_H 1
| #define HAVE_MALLOC_H 1
| #define HAVE_FLOAT_H 1
| #define HAVE_LIMITS_H 1
| #define HAVE_STDLIB_H 1
| #define HAVE_STRING_H 1
| #define HAVE_STRINGS_H 1
| #define HAVE_UNISTD_H 1
| #define HAVE_MATH_H 1
| #define HAVE_STDARG_H 1
| #define HAVE_STDLIB_H 1
| #define HAVE_MALLOC 1
| #define HAVE_STDLIB_H 1
| #define HAVE_REALLOC 1
| #define HAVE_FLOOR 1
| #define HAVE_STRDUP 1
| #define HAVE_STRSTR 1
| #define HAVE_STRCHR 1
| #define HAVE_STRRCHR 1
| #define HAVE_STRSTR 1
| #define HAVE_STRTOL 1
| #define HAVE_STRTOUL 1
| #define HAVE_POW 1
| #define HAVE_RINT 1
| #define HAVE_SQRT 1
| #define HAVE_ERAND48 1
| #define HAVE_MEMSET 1
| #define HAVE_MEMMOVE 1
| #define HAVE_ERAND48 1
| #define HAVE_ASPRINTF 1
| #define HAVE_VASPRINTF 1
| #define VRNA_WITH_SVM 1
| #define VRNA_WITH_JSON_SUPPORT 1
| /* end confdefs.h.  */
| 
| /* Override any GCC internal prototype to avoid an error.
|    Use char because int might match the return type of a GCC
|    builtin and then its argument prototype would still apply.  */
| #ifdef __cplusplus
| extern "C"
| #endif
| char gsl_blas_dgemm ();
| int
| main ()
| {
| return gsl_blas_dgemm ();
|   ;
|   return 0;
| }
configure:20985: result: no
configure:20998: WARNING: "Can't find libgsl. Falling back to default implementation."
configure:21063: checking for OpenMP flag of C compiler
configure:21105: gcc -o conftest -g -O2 -fopenmp   conftest.c -lm  >&5
configure:21105: $? = 0
configure:21114: result: -fopenmp
configure:21146: checking for OpenMP flag of C++ compiler
configure:21188: g++ -o conftest -g -O2 -fopenmp   conftest.cpp -lm  >&5
configure:21188: $? = 0
configure:21197: result: -fopenmp
configure:21815: checking for ./src/Kinfold/Makefile.am
configure:21818: result: yes
configure:21882: checking for ./src/RNAforester/Makefile.am
configure:21885: result: yes
configure:22088: checking for ./src/RNAlocmin/Makefile.am
configure:22091: result: yes
configure:22165: checking for ./interfaces/Makefile.am
configure:22168: result: yes
configure:22199: checking for swig
configure:22217: found /usr/bin/swig
configure:22229: result: /usr/bin/swig
configure:22243: checking SWIG version
configure:22246: result: 3.0.8
configure:22295: checking for SWIG library
configure:22298: result: /usr/share/swig3.0
configure:22352: checking for ./interfaces/Perl/Makefile.am
configure:22355: result: yes
configure:22438: checking for /usr/bin/perl
configure:22468: result: /usr/bin/perl
configure:22486: checking for Perl prefix
configure:22491: result: /usr
configure:22499: checking for Perl siteprefix
configure:22504: result: /usr/local
configure:22512: checking for Perl vendorprefix
configure:22517: result: /usr
configure:22525: checking for Perl extension include path
configure:22530: result: /usr/lib/x86_64-linux-gnu/perl/5.22/CORE
configure:22538: checking for Perl extension target directory
configure:22543: result: /usr/local/lib/x86_64-linux-gnu/perl/5.22.1
configure:22552: checking for architecture dependent Perl extension site target directory
configure:22557: result: /usr/local/lib/x86_64-linux-gnu/perl/5.22.1
configure:22565: checking for architecture dependent Perl extension vendor target directory
configure:22570: result: /usr/lib/x86_64-linux-gnu/perl5/5.22
configure:22578: checking for architecture independent Perl extension site target directory
configure:22583: result: /usr/local/share/perl/5.22.1
configure:22591: checking for architecture independent Perl extension vendor target directory
configure:22596: result: /usr/share/perl5
configure:22604: checking for Perl extensions C preprocessor flags
configure:22609: result: -D_REENTRANT -D_GNU_SOURCE -DDEBIAN -fwrapv -fno-strict-aliasing -pipe -I/usr/local/include
configure:22617: checking for Perl extensions linker flags
configure:22630: result: -shared -L/usr/local/lib -fstack-protector-strong
configure:22638: checking for Perl dynamic library extension
configure:22643: result: .so
configure:22654: checking for perl
configure:22681: result: /usr/bin/perl
configure:22689: checking for perl module ExtUtils::Embed
configure:22693: result: yes
configure:22705: checking for perl ccopts embed flags
configure:22709: result:  -D_REENTRANT -D_GNU_SOURCE -DDEBIAN -fwrapv -fno-strict-aliasing -pipe -I/usr/local/include -D_LARGEFILE_SOURCE -D_FILE_OFFSET_BITS=64  -I/usr/lib/x86_64-linux-gnu/perl/5.22/CORE 
configure:22712: checking for perl ldopts embed flags
configure:22716: result: -Wl,-E  -fstack-protector-strong -L/usr/local/lib  -L/usr/lib/x86_64-linux-gnu/perl/5.22/CORE -lperl -ldl -lm -lpthread -lc -lcrypt
configure:22724: checking consistency of all components of perl development environment
configure:22758: gcc -o conftest -g -O2  -D_REENTRANT -D_GNU_SOURCE -DDEBIAN -fwrapv -fno-strict-aliasing -pipe -I/usr/local/include -D_LARGEFILE_SOURCE -D_FILE_OFFSET_BITS=64  -I/usr/lib/x86_64-linux-gnu/perl/5.22/CORE     conftest.c -lm  -Wl,-E  -fstack-protector-strong -L/usr/local/lib  -L/usr/lib/x86_64-linux-gnu/perl/5.22/CORE -lperl -ldl -lm -lpthread -lc -lcrypt >&5
/usr/bin/ld: cannot find -lperl
collect2: error: ld returned 1 exit status
configure:22758: $? = 1
configure: failed program was:
| /* confdefs.h */
| #define PACKAGE_NAME "ViennaRNA"
| #define PACKAGE_TARNAME "ViennaRNA"
| #define PACKAGE_VERSION "2.4.3"
| #define PACKAGE_STRING "ViennaRNA 2.4.3"
| #define PACKAGE_BUGREPORT "rna@tbi.univie.ac.at"
| #define PACKAGE_URL "http://www.tbi.univie.ac.at/RNA"
| #define STDC_HEADERS 1
| #define HAVE_SYS_TYPES_H 1
| #define HAVE_SYS_STAT_H 1
| #define HAVE_STDLIB_H 1
| #define HAVE_STRING_H 1
| #define HAVE_MEMORY_H 1
| #define HAVE_STRINGS_H 1
| #define HAVE_INTTYPES_H 1
| #define HAVE_STDINT_H 1
| #define HAVE_UNISTD_H 1
| #define __EXTENSIONS__ 1
| #define _ALL_SOURCE 1
| #define _GNU_SOURCE 1
| #define _POSIX_PTHREAD_SEMANTICS 1
| #define _TANDEM_SOURCE 1
| #define PACKAGE "ViennaRNA"
| #define VERSION "2.4.3"
| #define UNUSED __attribute__ ((unused))
| #define HAVE_DLFCN_H 1
| #define LT_OBJDIR ".libs/"
| #define HAVE_LIBM 1
| #define STDC_HEADERS 1
| #define HAVE__BOOL 1
| #define HAVE_STDBOOL_H 1
| #define HAVE_MALLOC_H 1
| #define HAVE_FLOAT_H 1
| #define HAVE_LIMITS_H 1
| #define HAVE_STDLIB_H 1
| #define HAVE_STRING_H 1
| #define HAVE_STRINGS_H 1
| #define HAVE_UNISTD_H 1
| #define HAVE_MATH_H 1
| #define HAVE_STDARG_H 1
| #define HAVE_STDLIB_H 1
| #define HAVE_MALLOC 1
| #define HAVE_STDLIB_H 1
| #define HAVE_REALLOC 1
| #define HAVE_FLOOR 1
| #define HAVE_STRDUP 1
| #define HAVE_STRSTR 1
| #define HAVE_STRCHR 1
| #define HAVE_STRRCHR 1
| #define HAVE_STRSTR 1
| #define HAVE_STRTOL 1
| #define HAVE_STRTOUL 1
| #define HAVE_POW 1
| #define HAVE_RINT 1
| #define HAVE_SQRT 1
| #define HAVE_ERAND48 1
| #define HAVE_MEMSET 1
| #define HAVE_MEMMOVE 1
| #define HAVE_ERAND48 1
| #define HAVE_ASPRINTF 1
| #define HAVE_VASPRINTF 1
| #define VRNA_WITH_SVM 1
| #define VRNA_WITH_JSON_SUPPORT 1
| #define HAVE_OPENMP 1
| #define HAVE_OPENMP 1
| #define VRNA_WITH_BOUSTROPHEDON 1
| /* end confdefs.h.  */
| 
| 
| #include "EXTERN.h"
| #include "perl.h"
| int
| main ()
| {
| 
| PERL_SYS_TERM();
| 
|   ;
|   return 0;
| }
| 
configure:22777: result: no
configure:22855: checking for ./interfaces/Python/Makefile.am
configure:22858: result: yes
configure:22941: checking for python2
configure:22959: found /usr/bin/python2
configure:22971: result: /usr/bin/python2
configure:22992: checking for python2-config
configure:23025: result: no
configure:22992: checking for python2.7-config
configure:23010: found /usr/bin/python2.7-config
configure:23022: result: /usr/bin/python2.7-config
configure:23050: checking for Python2 include path
configure:23054: result: -I/usr/include/python2.7 -I/usr/include/x86_64-linux-gnu/python2.7
configure:23057: checking for Python2 compile flags
configure:23061: result: -I/usr/include/python2.7 -I/usr/include/x86_64-linux-gnu/python2.7  -fno-strict-aliasing -Wdate-time -D_FORTIFY_SOURCE=2 -g -fstack-protector-strong -Wformat -Werror=format-security  -DNDEBUG -g -fwrapv -O2 -Wall -Wstrict-prototypes
configure:23064: checking for Python2 libs
configure:23068: result: -lpython2.7 -lpthread -ldl  -lutil -lm 
configure:23071: checking for Python2 ldflags
configure:23085: result: -L/usr/lib/python2.7/config-x86_64-linux-gnu -L/usr/lib -lpython2.7 -lpthread -ldl  -lutil -lm  -Xlinker -export-dynamic -Wl,-O1 -Wl,-Bsymbolic-functions
configure:23088: checking for directory to install Python2 scripts in
configure:23097: result: ${prefix}/lib/python2.7/site-packages
configure:23101: checking for directory to install architecture dependent python2 things in
configure:23109: result: ${exec_prefix}/lib/python2.7/site-packages
configure:23113: checking for Python2 module extension
configure:23118: result: .so
configure:23124: checking consistency of all components of python development environment
configure:23152: gcc -o conftest -g -O2 -I/usr/include/python2.7 -I/usr/include/x86_64-linux-gnu/python2.7  -fno-strict-aliasing -Wdate-time -D_FORTIFY_SOURCE=2 -g -fstack-protector-strong -Wformat -Werror=format-security  -DNDEBUG -g -fwrapv -O2 -Wall -Wstrict-prototypes  -I/usr/include/python2.7 -I/usr/include/x86_64-linux-gnu/python2.7  conftest.c -lm  -lpython2.7 -lpthread -ldl  -lutil -lm  >&5
conftest.c:71:1: warning: function declaration isn't a prototype [-Wstrict-prototypes]
 main ()
 ^
configure:23152: $? = 0
configure:23170: result: yes
configure:23249: checking for ./interfaces/Python3/Makefile.am
configure:23252: result: yes
configure:23335: checking for python3
configure:23353: found /usr/bin/python3
configure:23365: result: /usr/bin/python3
configure:23386: checking for python3-config
configure:23419: result: no
configure:23386: checking for python35-config
configure:23419: result: no
configure:23386: checking for python3.5-config
configure:23419: result: no
configure:23386: checking for python34-config
configure:23419: result: no
configure:23386: checking for python3.4-config
configure:23419: result: no
configure:23386: checking for python33-config
configure:23419: result: no
configure:23386: checking for python3.3-config
configure:23419: result: no
configure:23436: WARNING:
The python3-config program was not found in the search path. Please ensure
that it is installed and its directory is included in the search path.

configure:23704: checking for doxygen
configure:23735: result: no
configure:23745: checking for pdflatex
configure:23776: result: no
configure:23786: checking for latex
configure:23817: result: no
configure:23827: checking for dvipdf
configure:23845: found /usr/bin/dvipdf
configure:23858: result: /usr/bin/dvipdf
configure:23868: checking for bibtex
configure:23899: result: no
configure:23909: checking for makeindex
configure:23940: result: no
configure:23950: checking for dot
configure:23981: result: no
configure:23991: checking for egrep
configure:24009: found /bin/egrep
configure:24022: result: /bin/egrep
configure:24032: checking for perl
configure:24050: found /usr/bin/perl
configure:24063: result: /usr/bin/perl
configure:24226: checking for doc/RNAlib-2.4.3.pdf
configure:24229: result: yes
configure:24245: checking for doc/html/index.html
configure:24248: result: yes
configure:24504: checking for pdflatex
configure:24535: result: no
configure:24545: checking for latex
configure:24576: result: no
configure:24586: checking for dvipdf
configure:24617: result: /usr/bin/dvipdf
configure:24627: checking for htlatex
configure:24658: result: no
configure:24687: WARNING: neither latex or pdflatex exists on your system!
configure:24689: WARNING: deactivating automatic (re)generation of tutorial!
configure:24717: checking for RNA-Tutorial/RNA-tutorial-2.4.3.pdf
configure:24720: result: yes
configure:24997: checking for CHECK
configure:25004: $PKG_CONFIG --exists --print-errors "check >= 0.9.4"
Package check was not found in the pkg-config search path.
Perhaps you should add the directory containing `check.pc'
to the PKG_CONFIG_PATH environment variable
No package 'check' found
configure:25007: $? = 1
configure:25021: $PKG_CONFIG --exists --print-errors "check >= 0.9.4"
Package check was not found in the pkg-config search path.
Perhaps you should add the directory containing `check.pc'
to the PKG_CONFIG_PATH environment variable
No package 'check' found
configure:25024: $? = 1
configure:25038: result: no
No package 'check' found
configure:25055: WARNING: check not found -- will not build C-library Unit tests
configure:25096: checking for diff
configure:25114: found /usr/bin/diff
configure:25126: result: /usr/bin/diff
configure:25380: checking that generated files are newer than configure
configure:25386: result: done
configure:25533: creating ./config.status

## ---------------------- ##
## Running config.status. ##
## ---------------------- ##

This file was extended by ViennaRNA config.status 2.4.3, which was
generated by GNU Autoconf 2.69.  Invocation command line was

  CONFIG_FILES    = 
  CONFIG_HEADERS  = 
  CONFIG_LINKS    = 
  CONFIG_COMMANDS = 
  $ ./config.status 

on ethan-HP-Spectre-x360-Convertible

config.status:1423: creating packaging/macosx/Makefile
config.status:1423: creating packaging/macosx/Distribution.xml
config.status:1423: creating packaging/macosx/resources/welcome.txt
config.status:1423: creating interfaces/Python/Makefile
config.status:1423: creating interfaces/Python/version.i
config.status:1423: creating interfaces/Python3/Makefile
config.status:1423: creating interfaces/Python3/version.i
config.status:1423: creating tests/Makefile
config.status:1423: creating tests/RNApath.py
config.status:1423: creating tests/RNAHelpers.pm
config.status:1423: creating tests/test-env.sh
config.status:1423: creating src/ViennaRNA/vrna_config.h
config.status:1423: creating misc/Makefile
config.status:1423: creating interfaces/Makefile
config.status:1423: creating Makefile
config.status:1423: creating RNAlib2.pc
config.status:1423: creating src/Utils/Makefile
config.status:1423: creating src/bin/Makefile
config.status:1423: creating src/Makefile
config.status:1423: creating src/ViennaRNA/Makefile
config.status:1423: creating man/Makefile
config.status:1423: creating doc/Makefile
config.status:1423: creating RNA-Tutorial/Makefile
config.status:1423: creating man/cmdlopt.sh
config.status:1423: creating packaging/viennarna.spec
config.status:1423: creating packaging/PKGBUILD
config.status:1423: creating packaging/win_installer_archlinux_i686.nsi
config.status:1423: creating packaging/win_installer_archlinux_x86_64.nsi
config.status:1423: creating packaging/win_installer_fedora_i686.nsi
config.status:1423: creating packaging/win_installer_fedora_x86_64.nsi
config.status:1423: creating config.h
config.status:1604: config.h is unchanged
config.status:1652: executing depfiles commands
config.status:1652: executing libtool commands
configure:28045: === configuring in src/Kinfold (/home/ethan/Documents/KCL/3rd Year/6CCS3PRJ/ViennaRNA-2.4.3/src/Kinfold)
configure:28108: running /bin/bash ./configure --disable-option-checking '--prefix=/usr/local'  '--with-python' 'CC=gcc' 'CXX=g++' 'CFLAGS=-g -O2' 'CXXFLAGS=-g -O2' 'AR=gcc-ar' 'RANLIB=gcc-ranlib' 'NM=gcc-nm' 'VRNA_CFLAGS=-I$(top_srcdir)/../../src/ViennaRNA -I$(top_srcdir)/../../src' 'VRNA_LIBS=-fno-strict-aliasing -flto -L$(top_builddir)/../../src/ViennaRNA -lRNA -fopenmp' --cache-file=/dev/null --srcdir=.
configure:28045: === configuring in src/RNAforester (/home/ethan/Documents/KCL/3rd Year/6CCS3PRJ/ViennaRNA-2.4.3/src/RNAforester)
configure:28108: running /bin/bash ./configure --disable-option-checking '--prefix=/usr/local'  '--with-python' 'CC=gcc' 'CXX=g++' 'CFLAGS=-g -O2' 'CXXFLAGS=-g -O2' 'AR=gcc-ar' 'RANLIB=gcc-ranlib' 'NM=gcc-nm' 'VRNA_CFLAGS=-I$(top_srcdir)/../../src/ViennaRNA -I$(top_srcdir)/../../src' 'VRNA_LIBS=-fno-strict-aliasing -flto -L$(top_builddir)/../../src/ViennaRNA -lRNA -fopenmp' --cache-file=/dev/null --srcdir=.
configure:28045: === configuring in src/RNAlocmin (/home/ethan/Documents/KCL/3rd Year/6CCS3PRJ/ViennaRNA-2.4.3/src/RNAlocmin)
configure:28108: running /bin/bash ./configure --disable-option-checking '--prefix=/usr/local'  '--with-python' 'CC=gcc' 'CXX=g++' 'CFLAGS=-g -O2' 'CXXFLAGS=-g -O2' 'AR=gcc-ar' 'RANLIB=gcc-ranlib' 'NM=gcc-nm' 'VRNA_CFLAGS=-I$(top_srcdir)/../../src/ViennaRNA -I$(top_srcdir)/../../src' 'VRNA_LIBS=-fno-strict-aliasing -flto -L$(top_builddir)/../../src/ViennaRNA -lRNA -fopenmp' --cache-file=/dev/null --srcdir=.
configure:28696:

################################################
#         ViennaRNA Package 2.4.3             ##
#                                             ##
# configured successfully with the following  ##
# options:                                    ##
################################################


  * Extra Programs:

    ( Kinfold, RNAforester, RNAlocmin )

  * Other Options:

    ( SVM, JSON, Boustrophedon, OpenMP, LTO, C11, Color )

  * RNAlib Scripting Language Interfaces:

    ( Python 2 )

  * RNAlib Documentation:

    ( PDF, HTML )

  * Tutorial:

    ( PDF )

  * Unit Tests will be performed for:

    ( Python 2 )


##############################################
# Files will be installed in the following  ##
# directories:                              ##
##############################################

  Executables:        /usr/local/bin
  Libraries:          /usr/local/lib
  Header files:       /usr/local/include
  Extra Data:         /usr/local/share
  Man pages:          /usr/local/share/man
  Documentation:      /usr/local/share/doc/ViennaRNA
    (HTML):           /usr/local/share/doc/ViennaRNA/html
    (PDF):            /usr/local/share/doc/ViennaRNA
  Perl5 Interface:    Not to be installed
    (binaries):       
    (scripts):        
  Python2 Interface:  
    (binaries):       /usr/local/lib/python2.7/site-packages
    (scripts):        /usr/local/lib/python2.7/site-packages
  Python3 Interface:  Not to be installed
    (binaries):       
    (scripts):        


## ---------------- ##
## Cache variables. ##
## ---------------- ##

ac_cv_build=x86_64-unknown-linux-gnu
ac_cv_c_compiler_gnu=yes
ac_cv_c_const=yes
ac_cv_c_inline=inline
ac_cv_cxx_compiler_gnu=yes
ac_cv_env_CCC_set=
ac_cv_env_CCC_value=
ac_cv_env_CC_set=
ac_cv_env_CC_value=
ac_cv_env_CFLAGS_set=
ac_cv_env_CFLAGS_value=
ac_cv_env_CHECK_CFLAGS_set=
ac_cv_env_CHECK_CFLAGS_value=
ac_cv_env_CHECK_LIBS_set=
ac_cv_env_CHECK_LIBS_value=
ac_cv_env_CPPFLAGS_set=
ac_cv_env_CPPFLAGS_value=
ac_cv_env_CPP_set=
ac_cv_env_CPP_value=
ac_cv_env_CXXCPP_set=
ac_cv_env_CXXCPP_value=
ac_cv_env_CXXFLAGS_set=
ac_cv_env_CXXFLAGS_value=
ac_cv_env_CXX_set=
ac_cv_env_CXX_value=
ac_cv_env_DIFF_set=
ac_cv_env_DIFF_value=
ac_cv_env_LDFLAGS_set=
ac_cv_env_LDFLAGS_value=
ac_cv_env_LIBS_set=
ac_cv_env_LIBS_value=
ac_cv_env_LT_SYS_LIBRARY_PATH_set=
ac_cv_env_LT_SYS_LIBRARY_PATH_value=
ac_cv_env_PERL_EXT_CPPFLAGS_set=
ac_cv_env_PERL_EXT_CPPFLAGS_value=
ac_cv_env_PERL_EXT_INC_set=
ac_cv_env_PERL_EXT_INC_value=
ac_cv_env_PERL_EXT_LDFLAGS_set=
ac_cv_env_PERL_EXT_LDFLAGS_value=
ac_cv_env_PERL_EXT_LIB_set=
ac_cv_env_PERL_EXT_LIB_value=
ac_cv_env_PERL_EXT_PREFIX_set=
ac_cv_env_PERL_EXT_PREFIX_value=
ac_cv_env_PERL_EXT_SITEARCH_set=
ac_cv_env_PERL_EXT_SITEARCH_value=
ac_cv_env_PERL_EXT_SITELIB_set=
ac_cv_env_PERL_EXT_SITELIB_value=
ac_cv_env_PERL_EXT_SITEPREFIX_set=
ac_cv_env_PERL_EXT_SITEPREFIX_value=
ac_cv_env_PERL_EXT_VENDORARCH_set=
ac_cv_env_PERL_EXT_VENDORARCH_value=
ac_cv_env_PERL_EXT_VENDORLIB_set=
ac_cv_env_PERL_EXT_VENDORLIB_value=
ac_cv_env_PERL_EXT_VENDORPREFIX_set=
ac_cv_env_PERL_EXT_VENDORPREFIX_value=
ac_cv_env_PERL_SO_set=
ac_cv_env_PERL_SO_value=
ac_cv_env_PERL_set=
ac_cv_env_PERL_value=
ac_cv_env_PKG_CONFIG_LIBDIR_set=
ac_cv_env_PKG_CONFIG_LIBDIR_value=
ac_cv_env_PKG_CONFIG_PATH_set=
ac_cv_env_PKG_CONFIG_PATH_value=
ac_cv_env_PKG_CONFIG_set=
ac_cv_env_PKG_CONFIG_value=
ac_cv_env_PYTHON2_CONFIG_set=
ac_cv_env_PYTHON2_CONFIG_value=
ac_cv_env_PYTHON2_DIR_set=
ac_cv_env_PYTHON2_DIR_value=
ac_cv_env_PYTHON2_EXECDIR_set=
ac_cv_env_PYTHON2_EXECDIR_value=
ac_cv_env_PYTHON2_set=
ac_cv_env_PYTHON2_value=
ac_cv_env_PYTHON3_CONFIG_set=
ac_cv_env_PYTHON3_CONFIG_value=
ac_cv_env_PYTHON3_DIR_set=
ac_cv_env_PYTHON3_DIR_value=
ac_cv_env_PYTHON3_EXECDIR_set=
ac_cv_env_PYTHON3_EXECDIR_value=
ac_cv_env_PYTHON3_set=
ac_cv_env_PYTHON3_value=
ac_cv_env_USER_AR_set=
ac_cv_env_USER_AR_value=
ac_cv_env_USER_NM_set=
ac_cv_env_USER_NM_value=
ac_cv_env_USER_RANLIB_set=
ac_cv_env_USER_RANLIB_value=
ac_cv_env_build_alias_set=
ac_cv_env_build_alias_value=
ac_cv_env_host_alias_set=
ac_cv_env_host_alias_value=
ac_cv_env_target_alias_set=
ac_cv_env_target_alias_value=
ac_cv_func_asprintf=yes
ac_cv_func_erand48=yes
ac_cv_func_floor=yes
ac_cv_func_malloc_0_nonnull=yes
ac_cv_func_memmove=yes
ac_cv_func_memset=yes
ac_cv_func_pow=yes
ac_cv_func_realloc_0_nonnull=yes
ac_cv_func_rint=yes
ac_cv_func_sqrt=yes
ac_cv_func_strchr=yes
ac_cv_func_strdup=yes
ac_cv_func_strrchr=yes
ac_cv_func_strstr=yes
ac_cv_func_strtod=yes
ac_cv_func_strtol=yes
ac_cv_func_strtoul=yes
ac_cv_func_vasprintf=yes
ac_cv_header_dlfcn_h=yes
ac_cv_header_float_h=yes
ac_cv_header_inttypes_h=yes
ac_cv_header_limits_h=yes
ac_cv_header_malloc_h=yes
ac_cv_header_math_h=yes
ac_cv_header_memory_h=yes
ac_cv_header_minix_config_h=no
ac_cv_header_stdarg_h=yes
ac_cv_header_stdbool_h=yes
ac_cv_header_stdc=yes
ac_cv_header_stdint_h=yes
ac_cv_header_stdlib_h=yes
ac_cv_header_string_h=yes
ac_cv_header_strings_h=yes
ac_cv_header_sys_stat_h=yes
ac_cv_header_sys_types_h=yes
ac_cv_header_unistd_h=yes
ac_cv_host=x86_64-unknown-linux-gnu
ac_cv_lib_gsl_gsl_blas_dgemm=no
ac_cv_lib_gslcblas_cblas_dgemm=no
ac_cv_lib_m_exp=yes
ac_cv_objext=o
ac_cv_path_DIFF=/usr/bin/diff
ac_cv_path_EGREP='/bin/grep -E'
ac_cv_path_FGREP='/bin/grep -F'
ac_cv_path_GREP=/bin/grep
ac_cv_path_PERL=/usr/bin/perl
ac_cv_path_PYTHON2=/usr/bin/python2
ac_cv_path_PYTHON2_CONFIG=/usr/bin/python2.7-config
ac_cv_path_PYTHON3=/usr/bin/python3
ac_cv_path_SED=/bin/sed
ac_cv_path_SWIG=/usr/bin/swig
ac_cv_path_ac_pt_PKG_CONFIG=/usr/bin/pkg-config
ac_cv_path_bibtex=no
ac_cv_path_dot=no
ac_cv_path_doxygen=no
ac_cv_path_dvipdf=/usr/bin/dvipdf
ac_cv_path_egrep=/bin/egrep
ac_cv_path_htlatex=no
ac_cv_path_install='/usr/bin/install -c'
ac_cv_path_latex=no
ac_cv_path_lt_DD=/bin/dd
ac_cv_path_makeindex=no
ac_cv_path_mkdir=/bin/mkdir
ac_cv_path_pdflatex=no
ac_cv_path_perl=/usr/bin/perl
ac_cv_prog_AWK=gawk
ac_cv_prog_CPP='gcc -E'
ac_cv_prog_CXXCPP='g++ -E'
ac_cv_prog_PERL=/usr/bin/perl
ac_cv_prog_ac_ct_AR=ar
ac_cv_prog_ac_ct_CC=gcc
ac_cv_prog_ac_ct_CXX=g++
ac_cv_prog_ac_ct_MANIFEST_TOOL=mt
ac_cv_prog_ac_ct_OBJDUMP=objdump
ac_cv_prog_ac_ct_OUR_AR=gcc-ar
ac_cv_prog_ac_ct_OUR_NM=gcc-nm
ac_cv_prog_ac_ct_OUR_RANLIB=gcc-ranlib
ac_cv_prog_ac_ct_RANLIB=ranlib
ac_cv_prog_ac_ct_STRIP=strip
ac_cv_prog_cc_c89=
ac_cv_prog_cc_c99=
ac_cv_prog_cc_g=yes
ac_cv_prog_cxx_g=yes
ac_cv_prog_make_make_set=yes
ac_cv_safe_to_define___extensions__=yes
ac_cv_type__Bool=yes
ac_cv_type_size_t=yes
am_cv_CC_dependencies_compiler_type=gcc3
am_cv_CXX_dependencies_compiler_type=gcc3
am_cv_ar_interface=ar
am_cv_make_support_nested_variables=yes
am_cv_prog_cc_c_o=yes
ax_cv_c_compiler_vendor=gnu
ax_cv_c_openmp=-fopenmp
ax_cv_check_cflags___ffat_lto_objects=yes
ax_cv_check_cflags___flto=yes
ax_cv_check_cflags___fno_strict_aliasing=yes
ax_cv_check_cxxflags___ffat_lto_objects=yes
ax_cv_check_cxxflags___flto=yes
ax_cv_check_cxxflags___fno_strict_aliasing=yes
ax_cv_check_ldflags___fno_strict_aliasing=yes
ax_cv_cxx_openmp=-fopenmp
lt_cv_ar_at_file=@
lt_cv_archive_cmds_need_lc=no
lt_cv_deplibs_check_method=pass_all
lt_cv_file_magic_cmd='$MAGIC_CMD'
lt_cv_file_magic_test_file=
lt_cv_ld_reload_flag=-r
lt_cv_nm_interface='BSD nm'
lt_cv_objdir=.libs
lt_cv_path_LD=/usr/bin/ld
lt_cv_path_LDCXX='/usr/bin/ld -m elf_x86_64'
lt_cv_path_NM='/usr/bin/nm -B'
lt_cv_path_mainfest_tool=no
lt_cv_prog_compiler_c_o=yes
lt_cv_prog_compiler_c_o_CXX=yes
lt_cv_prog_compiler_pic='-fPIC -DPIC'
lt_cv_prog_compiler_pic_CXX='-fPIC -DPIC'
lt_cv_prog_compiler_pic_works=yes
lt_cv_prog_compiler_pic_works_CXX=yes
lt_cv_prog_compiler_rtti_exceptions=no
lt_cv_prog_compiler_static_works=yes
lt_cv_prog_compiler_static_works_CXX=yes
lt_cv_prog_gnu_ld=yes
lt_cv_prog_gnu_ldcxx=yes
lt_cv_sharedlib_from_linklib_cmd='printf %s\n'
lt_cv_shlibpath_overrides_runpath=no
lt_cv_sys_global_symbol_pipe='sed -n -e '\''s/^.*[	 ]\([ABCDGIRSTW][ABCDGIRSTW]*\)[	 ][	 ]*\([_A-Za-z][_A-Za-z0-9]*\)$/\1 \2 \2/p'\'' | sed '\''/ __gnu_lto/d'\'''
lt_cv_sys_global_symbol_to_c_name_address='sed -n -e '\''s/^: \(.*\) .*$/  {"\1", (void *) 0},/p'\'' -e '\''s/^[ABCDGIRSTW][ABCDGIRSTW]* .* \(.*\)$/  {"\1", (void *) \&\1},/p'\'''
lt_cv_sys_global_symbol_to_c_name_address_lib_prefix='sed -n -e '\''s/^: \(.*\) .*$/  {"\1", (void *) 0},/p'\'' -e '\''s/^[ABCDGIRSTW][ABCDGIRSTW]* .* \(lib.*\)$/  {"\1", (void *) \&\1},/p'\'' -e '\''s/^[ABCDGIRSTW][ABCDGIRSTW]* .* \(.*\)$/  {"lib\1", (void *) \&\1},/p'\'''
lt_cv_sys_global_symbol_to_cdecl='sed -n -e '\''s/^T .* \(.*\)$/extern int \1();/p'\'' -e '\''s/^[ABCDGIRSTW][ABCDGIRSTW]* .* \(.*\)$/extern char \1;/p'\'''
lt_cv_sys_global_symbol_to_import=
lt_cv_sys_max_cmd_len=1572864
lt_cv_to_host_file_cmd=func_convert_file_noop
lt_cv_to_tool_file_cmd=func_convert_file_noop
lt_cv_truncate_bin='/bin/dd bs=4096 count=1'

## ----------------- ##
## Output variables. ##
## ----------------- ##

ACLOCAL='${SHELL} "/home/ethan/Documents/KCL/3rd Year/6CCS3PRJ/ViennaRNA-2.4.3/config/missing" aclocal-1.15'
AMDEPBACKSLASH='\'
AMDEP_FALSE='#'
AMDEP_TRUE=''
AMTAR='$${TAR-tar}'
AM_BACKSLASH='\'
AM_CFLAGS=''
AM_CPPFLAGS=''
AM_CXXFLAGS=''
AM_DEFAULT_V='$(AM_DEFAULT_VERBOSITY)'
AM_DEFAULT_VERBOSITY='0'
AM_LDFLAGS=''
AM_V='$(V)'
AR='gcc-ar'
AUTOCONF='${SHELL} "/home/ethan/Documents/KCL/3rd Year/6CCS3PRJ/ViennaRNA-2.4.3/config/missing" autoconf'
AUTOHEADER='${SHELL} "/home/ethan/Documents/KCL/3rd Year/6CCS3PRJ/ViennaRNA-2.4.3/config/missing" autoheader'
AUTOMAKE='${SHELL} "/home/ethan/Documents/KCL/3rd Year/6CCS3PRJ/ViennaRNA-2.4.3/config/missing" automake-1.15'
AWK='gawk'
CC='gcc'
CCDEPMODE='depmode=gcc3'
CFLAGS='-g -O2'
CHECK_CFLAGS=''
CHECK_LIBS=''
CLUSTER_DIR=''
CONFIG_BOUSTROPHEDON='#define VRNA_WITH_BOUSTROPHEDON'
CONFIG_DISABLE_C11_FEATURES=''
CONFIG_FLOAT_PF=''
CONFIG_GSL=''
CONFIG_JSON='#define VRNA_WITH_JSON_SUPPORT'
CONFIG_LTO='#define VRNA_WITH_LTO'
CONFIG_OPENMP='#define VRNA_WITH_OPENMP'
CONFIG_SSE_IMPLEMENTATION=''
CONFIG_SVM='#define VRNA_WITH_SVM'
CONFIG_TTY_COLORS=''
CPP='gcc -E'
CPPFLAGS=''
CXX='g++'
CXXCPP='g++ -E'
CXXDEPMODE='depmode=gcc3'
CXXFLAGS='-g -O2'
CYGPATH_W='echo'
DEFS='-DHAVE_CONFIG_H'
DEPDIR='.deps'
DEPRECATION_WARNING=''
DIFF='/usr/bin/diff'
DISABLE_C11_FEATURES=''
DLLTOOL='false'
DOXYGEN_CMD_BIBTEX=''
DOXYGEN_CMD_DVIPDF=''
DOXYGEN_CMD_LATEX=''
DOXYGEN_CMD_MAKEINDEX=''
DOXYGEN_CONF='doxygen.conf'
DOXYGEN_DOCDIR='doc'
DOXYGEN_GENERATE_HTML=''
DOXYGEN_GENERATE_LATEX=''
DOXYGEN_HAVE_DOT=''
DOXYGEN_PROJECT_NAME='RNAlib-2.4.3'
DOXYGEN_SRCDIR='.'
DOXYGEN_WITH_PDFLATEX=''
DSYMUTIL=''
DUMPBIN=''
ECHO_C=''
ECHO_N='-n'
ECHO_T=''
EGREP='/bin/grep -E'
EXEEXT=''
FGREP='/bin/grep -F'
FLOAT_PF_FLAG=''
GREP='/bin/grep'
GSL_LIBS=''
HAS_SWIG_FALSE='#'
HAS_SWIG_TRUE=''
HDIUTIL=''
INSTALL_DATA='${INSTALL} -m 644'
INSTALL_PROGRAM='${INSTALL}'
INSTALL_SCRIPT='${INSTALL}'
INSTALL_STRIP_PROGRAM='$(install_sh) -c -s'
ISODATE='2018-01-22'
LD='/usr/bin/ld -m elf_x86_64'
LDFLAGS=''
LIBGOMPFLAG='-fopenmp'
LIBOBJS=''
LIBS='-lm '
LIBSVM_DIR='libsvm-3.22'
LIBTOOL='$(SHELL) $(top_builddir)/libtool'
LIBTOOL_DEPS='config/ltmain.sh'
LIPO=''
LN_S='ln -s'
LTLIBOBJS=''
LTO_CFLAGS='-flto -ffat-lto-objects'
LTO_CXXFLAGS='-flto -ffat-lto-objects'
LTO_LDFLAGS='-flto'
LT_SYS_LIBRARY_PATH=''
MACOSX_INSTALLER=''
MAKEINFO='${SHELL} "/home/ethan/Documents/KCL/3rd Year/6CCS3PRJ/ViennaRNA-2.4.3/config/missing" makeinfo'
MAKE_CLUSTER_FALSE=''
MAKE_CLUSTER_TRUE='#'
MAKE_FORESTER_FALSE='#'
MAKE_FORESTER_TRUE=''
MAKE_KINFOLD_FALSE='#'
MAKE_KINFOLD_TRUE=''
MAKE_RNALOCMIN_FALSE='#'
MAKE_RNALOCMIN_TRUE=''
MANIFEST_TOOL=':'
MKDIR_P='/bin/mkdir -p'
NM='gcc-nm'
NMEDIT=''
OBJDUMP='objdump'
OBJEXT='o'
OPENMP_CFLAGS='-fopenmp'
OPENMP_CXXFLAGS='-fopenmp'
OTOOL64=''
OTOOL=''
OUR_AR='gcc-ar'
OUR_NM='gcc-nm'
OUR_RANLIB='gcc-ranlib'
PACKAGE='ViennaRNA'
PACKAGE_BUGREPORT='rna@tbi.univie.ac.at'
PACKAGE_NAME='ViennaRNA'
PACKAGE_STRING='ViennaRNA 2.4.3'
PACKAGE_TARNAME='ViennaRNA'
PACKAGE_URL='http://www.tbi.univie.ac.at/RNA'
PACKAGE_VERSION='2.4.3'
PATH_SEPARATOR=':'
PERL='/usr/bin/perl'
PERLXS_CFLAGS=' -D_REENTRANT -D_GNU_SOURCE -DDEBIAN -fwrapv -fno-strict-aliasing -pipe -I/usr/local/include -D_LARGEFILE_SOURCE -D_FILE_OFFSET_BITS=64  -I/usr/lib/x86_64-linux-gnu/perl/5.22/CORE '
PERLXS_LDFLAGS='-Wl,-E  -fstack-protector-strong -L/usr/local/lib  -L/usr/lib/x86_64-linux-gnu/perl/5.22/CORE -lperl -ldl -lm -lpthread -lc -lcrypt'
PERL_ARCH_RELATIVE_INSTALL_DIR=''
PERL_EXT_CPPFLAGS='-D_REENTRANT -D_GNU_SOURCE -DDEBIAN -fwrapv -fno-strict-aliasing -pipe -I/usr/local/include'
PERL_EXT_INC='/usr/lib/x86_64-linux-gnu/perl/5.22/CORE'
PERL_EXT_LDFLAGS='-shared -L/usr/local/lib -fstack-protector-strong'
PERL_EXT_LIB='/usr/local/lib/x86_64-linux-gnu/perl/5.22.1'
PERL_EXT_PREFIX='/usr'
PERL_EXT_SITEARCH='/usr/local/lib/x86_64-linux-gnu/perl/5.22.1'
PERL_EXT_SITELIB='/usr/local/share/perl/5.22.1'
PERL_EXT_SITEPREFIX='/usr/local'
PERL_EXT_VENDORARCH='/usr/lib/x86_64-linux-gnu/perl5/5.22'
PERL_EXT_VENDORLIB='/usr/share/perl5'
PERL_EXT_VENDORPREFIX='/usr'
PERL_INTERFACE=''
PERL_LIB_RELATIVE_INSTALL_DIR=''
PERL_SO='.so'
PKGBUILD=''
PKGPYEXEC2DIR=''
PKGPYTHON2DIR=''
PKG_CONFIG='/usr/bin/pkg-config'
PKG_CONFIG_LIBDIR=''
PKG_CONFIG_PATH=''
POW_LIB=''
PRODUCTBUILD=''
PYEXEC2DIR='${exec_prefix}/lib/python2.7/site-packages'
PYTHON2='/usr/bin/python2'
PYTHON2DIR='${prefix}/lib/python2.7/site-packages'
PYTHON2_CFLAGS='-I/usr/include/python2.7 -I/usr/include/x86_64-linux-gnu/python2.7  -fno-strict-aliasing -Wdate-time -D_FORTIFY_SOURCE=2 -g -fstack-protector-strong -Wformat -Werror=format-security  -DNDEBUG -g -fwrapv -O2 -Wall -Wstrict-prototypes'
PYTHON2_CONFIG='/usr/bin/python2.7-config'
PYTHON2_DIR='${prefix}/lib/python2.7/site-packages'
PYTHON2_EXECDIR='${exec_prefix}/lib/python2.7/site-packages'
PYTHON2_INCLUDES='-I/usr/include/python2.7 -I/usr/include/x86_64-linux-gnu/python2.7'
PYTHON2_INTERFACE='Python'
PYTHON2_LDFLAGS='-L/usr/lib/python2.7/config-x86_64-linux-gnu -L/usr/lib -lpython2.7 -lpthread -ldl  -lutil -lm  -Xlinker -export-dynamic -Wl,-O1 -Wl,-Bsymbolic-functions'
PYTHON2_LIBS='-lpython2.7 -lpthread -ldl  -lutil -lm '
PYTHON2_SO='.so'
PYTHON3='/usr/bin/python3'
PYTHON3_CACHE_OPT1_EXT=''
PYTHON3_CACHE_TAG=''
PYTHON3_CFLAGS=''
PYTHON3_CONFIG='no'
PYTHON3_DIR=''
PYTHON3_EXECDIR=''
PYTHON3_INCLUDES=''
PYTHON3_INTERFACE=''
PYTHON3_LDFLAGS=''
PYTHON3_LIBS=''
PYTHON3_SO=''
RANLIB='gcc-ranlib'
REFDOC_PREDEF_FLOAT_PF=''
REFDOC_PREDEF_JSON='VRNA_WITH_JSON_SUPPORT'
REFDOC_PREDEF_SVM='VRNA_WITH_SVM'
REFERENCE_MANUAL_PDF_NAME='RNAlib-2.4.3.pdf'
REFERENCE_MANUAL_TAGFILE='RNAlib-2.4.3.tag'
RNA_CFLAGS='-fno-strict-aliasing -flto -ffat-lto-objects -fopenmp'
RNA_CPPFLAGS=''
RNA_CXXFLAGS='-fno-strict-aliasing -flto -ffat-lto-objects -fopenmp'
RNA_LDFLAGS='-fno-strict-aliasing -flto'
SED='/bin/sed'
SET_MAKE=''
SHELL='/bin/bash'
SIMD_CFLAGS=''
STRIP='strip'
SWIG='/usr/bin/swig'
SWIG_LIB='/usr/share/swig3.0'
TUTORIAL_CMD_DVIPDF='/usr/bin/dvipdf'
TUTORIAL_CMD_HTLATEX=''
TUTORIAL_CMD_LATEX=''
TUTORIAL_DOCDIR='RNA-Tutorial'
TUTORIAL_PDF_NAME='RNA-tutorial-2.4.3.pdf'
TUTORIAL_PROJECT_NAME='RNA-tutorial-2.4.3'
TUTORIAL_SRCDIR='.'
USER_AR=''
USER_NM=''
USER_RANLIB=''
VERSION='2.4.3'
VRNA_AM_SWITCH_GSL_FALSE=''
VRNA_AM_SWITCH_GSL_TRUE='#'
VRNA_AM_SWITCH_JSON_FALSE='#'
VRNA_AM_SWITCH_JSON_TRUE=''
VRNA_AM_SWITCH_LTO_FALSE='#'
VRNA_AM_SWITCH_LTO_TRUE=''
VRNA_AM_SWITCH_STATIC_EXECUTABLES_FALSE=''
VRNA_AM_SWITCH_STATIC_EXECUTABLES_TRUE='#'
VRNA_AM_SWITCH_SVM_FALSE='#'
VRNA_AM_SWITCH_SVM_TRUE=''
VRNA_CFLAGS=' -I$(top_srcdir)/../../src/ViennaRNA -I$(top_srcdir)/../../src '
VRNA_LIBS=' -fno-strict-aliasing -flto -L$(top_builddir)/../../src/ViennaRNA -lRNA -fopenmp'
WITH_CHECK_FALSE=''
WITH_CHECK_TRUE='#'
WITH_EXECUTABLE_TESTS_FALSE='#'
WITH_EXECUTABLE_TESTS_TRUE=''
WITH_MACOSX_INSTALLER_FALSE=''
WITH_MACOSX_INSTALLER_TRUE='#'
WITH_PERL_TESTS_FALSE=''
WITH_PERL_TESTS_TRUE='#'
WITH_PYTHON3_TESTS_FALSE=''
WITH_PYTHON3_TESTS_TRUE='#'
WITH_PYTHON_TESTS_FALSE='#'
WITH_PYTHON_TESTS_TRUE=''
WITH_REFERENCE_MANUAL_BUILD_FALSE=''
WITH_REFERENCE_MANUAL_BUILD_TRUE='#'
WITH_REFERENCE_MANUAL_FALSE='#'
WITH_REFERENCE_MANUAL_HTML_FALSE='#'
WITH_REFERENCE_MANUAL_HTML_TRUE=''
WITH_REFERENCE_MANUAL_PDFLATEX_FALSE=''
WITH_REFERENCE_MANUAL_PDFLATEX_TRUE='#'
WITH_REFERENCE_MANUAL_PDF_FALSE='#'
WITH_REFERENCE_MANUAL_PDF_TRUE=''
WITH_REFERENCE_MANUAL_TRUE=''
WITH_TUTORIAL_BUILD_FALSE=''
WITH_TUTORIAL_BUILD_TRUE='#'
WITH_TUTORIAL_FALSE='#'
WITH_TUTORIAL_HTML_FALSE=''
WITH_TUTORIAL_HTML_TRUE='#'
WITH_TUTORIAL_PDFLATEX_FALSE=''
WITH_TUTORIAL_PDFLATEX_TRUE='#'
WITH_TUTORIAL_PDF_FALSE='#'
WITH_TUTORIAL_PDF_TRUE=''
WITH_TUTORIAL_TRUE=''
WITH_UNIT_TESTS_FALSE='#'
WITH_UNIT_TESTS_TRUE=''
_latex_cmd=''
ac_ct_AR='ar'
ac_ct_CC='gcc'
ac_ct_CXX='g++'
ac_ct_DUMPBIN=''
am__EXEEXT_FALSE=''
am__EXEEXT_TRUE='#'
am__fastdepCC_FALSE='#'
am__fastdepCC_TRUE=''
am__fastdepCXX_FALSE='#'
am__fastdepCXX_TRUE=''
am__include='include'
am__isrc=''
am__leading_dot='.'
am__nodep='_no'
am__quote=''
am__tar='$${TAR-tar} chof - "$$tardir"'
am__untar='$${TAR-tar} xf -'
bibtex='no'
bindir='${exec_prefix}/bin'
build='x86_64-unknown-linux-gnu'
build_alias=''
build_cpu='x86_64'
build_os='linux-gnu'
build_vendor='unknown'
datadir='${datarootdir}'
datarootdir='${prefix}/share'
docdir='${datarootdir}/doc/${PACKAGE_TARNAME}'
dot='no'
doxygen='no'
dvidir='${docdir}'
dvipdf='/usr/bin/dvipdf'
egrep='/bin/egrep'
exec_prefix='${prefix}'
host='x86_64-unknown-linux-gnu'
host_alias=''
host_cpu='x86_64'
host_os='linux-gnu'
host_vendor='unknown'
htlatex='no'
htmldir='${datarootdir}/doc/${PACKAGE_TARNAME}/html'
includedir='${prefix}/include'
infodir='${datarootdir}/info'
install_sh='${SHELL} '\''/home/ethan/Documents/KCL/3rd Year/6CCS3PRJ/ViennaRNA-2.4.3/config/install-sh'\'''
latex='no'
libdir='${exec_prefix}/lib'
libexecdir='${exec_prefix}/libexec'
localedir='${datarootdir}/locale'
localstatedir='${prefix}/var'
makeindex='no'
mandir='${datarootdir}/man'
mkdir_p='$(MKDIR_P)'
oldincludedir='/usr/include'
pdfdir='${docdir}'
pdflatex='no'
perl='/usr/bin/perl'
prefix='/usr/local'
program_transform_name='s,x,x,'
psdir='${docdir}'
py2execdir='${exec_prefix}/lib/python2.7/site-packages'
py3execdir=''
python2dir='${prefix}/lib/python2.7/site-packages'
python3dir=''
runstatedir='${localstatedir}/run'
sbindir='${exec_prefix}/sbin'
sharedstatedir='${prefix}/com'
subdirs=' src/Kinfold src/RNAforester src/RNAlocmin'
sysconfdir='${prefix}/etc'
target_alias=''

## ----------- ##
## confdefs.h. ##
## ----------- ##

/* confdefs.h */
#define PACKAGE_NAME "ViennaRNA"
#define PACKAGE_TARNAME "ViennaRNA"
#define PACKAGE_VERSION "2.4.3"
#define PACKAGE_STRING "ViennaRNA 2.4.3"
#define PACKAGE_BUGREPORT "rna@tbi.univie.ac.at"
#define PACKAGE_URL "http://www.tbi.univie.ac.at/RNA"
#define STDC_HEADERS 1
#define HAVE_SYS_TYPES_H 1
#define HAVE_SYS_STAT_H 1
#define HAVE_STDLIB_H 1
#define HAVE_STRING_H 1
#define HAVE_MEMORY_H 1
#define HAVE_STRINGS_H 1
#define HAVE_INTTYPES_H 1
#define HAVE_STDINT_H 1
#define HAVE_UNISTD_H 1
#define __EXTENSIONS__ 1
#define _ALL_SOURCE 1
#define _GNU_SOURCE 1
#define _POSIX_PTHREAD_SEMANTICS 1
#define _TANDEM_SOURCE 1
#define PACKAGE "ViennaRNA"
#define VERSION "2.4.3"
#define UNUSED __attribute__ ((unused))
#define HAVE_DLFCN_H 1
#define LT_OBJDIR ".libs/"
#define HAVE_LIBM 1
#define STDC_HEADERS 1
#define HAVE__BOOL 1
#define HAVE_STDBOOL_H 1
#define HAVE_MALLOC_H 1
#define HAVE_FLOAT_H 1
#define HAVE_LIMITS_H 1
#define HAVE_STDLIB_H 1
#define HAVE_STRING_H 1
#define HAVE_STRINGS_H 1
#define HAVE_UNISTD_H 1
#define HAVE_MATH_H 1
#define HAVE_STDARG_H 1
#define HAVE_STDLIB_H 1
#define HAVE_MALLOC 1
#define HAVE_STDLIB_H 1
#define HAVE_REALLOC 1
#define HAVE_FLOOR 1
#define HAVE_STRDUP 1
#define HAVE_STRSTR 1
#define HAVE_STRCHR 1
#define HAVE_STRRCHR 1
#define HAVE_STRSTR 1
#define HAVE_STRTOL 1
#define HAVE_STRTOUL 1
#define HAVE_POW 1
#define HAVE_RINT 1
#define HAVE_SQRT 1
#define HAVE_ERAND48 1
#define HAVE_MEMSET 1
#define HAVE_MEMMOVE 1
#define HAVE_ERAND48 1
#define HAVE_ASPRINTF 1
#define HAVE_VASPRINTF 1
#define VRNA_WITH_SVM 1
#define VRNA_WITH_JSON_SUPPORT 1
#define HAVE_OPENMP 1
#define HAVE_OPENMP 1
#define VRNA_WITH_BOUSTROPHEDON 1
#define WITH_PYTHON2_INTERFACE 1

configure: exit 0
